Using pre-set license
Built from '2020.3/staging' branch; Version is '2020.3.0f1 (c7b5465681fb) revision 13088070'; Using compiler version '192528614'; Build Type 'Release'
OS: 'Windows 10 Home; OS build 16299.15; Version 1709; 64bit' Language: 'es' Physical Memory: 14237 MB
BatchMode: 1, IsHumanControllingUs: 0, StartBugReporterOnCrash: 0, Is64bit: 1, IsPro: 0

 COMMAND LINE ARGUMENTS:
C:\Program Files\Unity\Editor\2020.3.0f1\Editor\Unity.exe
-adb2
-batchMode
-noUpm
-name
AssetImportWorker0
-projectPath
C:/Users/ASUS/AndroidStudioProjects/RAV UNITY/ExamenRAV
-logFile
Logs/AssetImportWorker0.log
-srvPort
64096
Successfully changed project path to: C:/Users/ASUS/AndroidStudioProjects/RAV UNITY/ExamenRAV
C:/Users/ASUS/AndroidStudioProjects/RAV UNITY/ExamenRAV
Using Asset Import Pipeline V2.
Refreshing native plugins compatible for Editor in 38.40 ms, found 0 plugins.
Preloading 0 native plugins for Editor in 0.00 ms.
Initialize engine version: 2020.3.0f1 (c7b5465681fb)
[Subsystems] Discovering subsystems at path C:/Program Files/Unity/Editor/2020.3.0f1/Editor/Data/Resources/UnitySubsystems
[Subsystems] Discovering subsystems at path C:/Users/ASUS/AndroidStudioProjects/RAV UNITY/ExamenRAV/Assets
GfxDevice: creating device client; threaded=0
Direct3D:
    Version:  Direct3D 11.0 [level 11.1]
    Renderer: NVIDIA GeForce GTX 1050 (ID=0x1c8d)
    Vendor:   
    VRAM:     4021 MB
    Driver:   26.21.14.4575
Initialize mono
Mono path[0] = 'C:/Program Files/Unity/Editor/2020.3.0f1/Editor/Data/Managed'
Mono path[1] = 'C:/Program Files/Unity/Editor/2020.3.0f1/Editor/Data/MonoBleedingEdge/lib/mono/unityjit'
Mono config path = 'C:/Program Files/Unity/Editor/2020.3.0f1/Editor/Data/MonoBleedingEdge/etc'
Using monoOptions --debugger-agent=transport=dt_socket,embedding=1,server=y,suspend=n,address=127.0.0.1:56248
Begin MonoManager ReloadAssembly
Registering precompiled unity dll's ...
Register platform support module: C:/Program Files/Unity/Editor/2020.3.0f1/Editor/Data/PlaybackEngines/WindowsStandaloneSupport/UnityEditor.WindowsStandalone.Extensions.dll
Registered in 0.002696 seconds.
Native extension for WindowsStandalone target not found
Refreshing native plugins compatible for Editor in 31.35 ms, found 0 plugins.
Preloading 0 native plugins for Editor in 0.00 ms.
Invoked RoslynAnalysisRunner static constructor.
RoslynAnalysisRunner will not be running.
RoslynAnalysisRunner has terminated.
Mono: successfully reloaded assembly
- Completed reload, in  2.607 seconds
Platform modules already initialized, skipping
Registering precompiled user dll's ...
Registered in 0.000987 seconds.
Begin MonoManager ReloadAssembly
Native extension for WindowsStandalone target not found
Refreshing native plugins compatible for Editor in 0.57 ms, found 0 plugins.
Preloading 0 native plugins for Editor in 0.00 ms.
Invoked RoslynAnalysisRunner static constructor.
RoslynAnalysisRunner will not be running.
RoslynAnalysisRunner has terminated.
Mono: successfully reloaded assembly
- Completed reload, in  0.983 seconds
Platform modules already initialized, skipping
========================================================================
Worker process is ready to serve import requests
Launched and connected shader compiler UnityShaderCompiler.exe after 0.05 seconds
Refreshing native plugins compatible for Editor in 0.34 ms, found 0 plugins.
Preloading 0 native plugins for Editor in 0.00 ms.
Unloading 1436 Unused Serialized files (Serialized files now loaded: 0)
System memory in use before: 66.5 MB.
System memory in use after: 66.5 MB.

Unloading 12 unused Assets to reduce memory usage. Loaded Objects now: 1878.
Total: 3.107006 ms (FindLiveObjects: 0.282621 ms CreateObjectMapping: 0.095544 ms MarkObjects: 2.593547 ms  DeleteObjects: 0.133835 ms)

========================================================================
Received Import Request.
  path: Assets/Demo/AR Default Plane.prefab
  artifactKey: Guid(e1a6bb627a93b5c4887b9c77b83702a0) Importer(815301076,1909f56bfc062723c751e8b465ee728b)
Start importing Assets/Demo/AR Default Plane.prefab using Guid(e1a6bb627a93b5c4887b9c77b83702a0) Importer(815301076,1909f56bfc062723c751e8b465ee728b)  -> (artifact id: '0a34c6ae23b531f049dedcdf0076e233') in 0.130035 seconds
  Import took 0.133307 seconds .

========================================================================
Received Import Request.
  Time since last request: 186.018700 seconds.
  path: ProjectSettings/TagManager.asset
  artifactKey: Guid(00000000000000003000000000000000) Importer(815301076,1909f56bfc062723c751e8b465ee728b)
Start importing ProjectSettings/TagManager.asset using Guid(00000000000000003000000000000000) Importer(815301076,1909f56bfc062723c751e8b465ee728b)  -> (artifact id: 'e58c32c74971579209c983feef23e212') in 0.008404 seconds
  Import took 0.013370 seconds .

========================================================================
Received Import Request.
  Time since last request: 35.926036 seconds.
  path: ProjectSettings/TagManager.asset
  artifactKey: Guid(00000000000000003000000000000000) Importer(815301076,1909f56bfc062723c751e8b465ee728b)
Start importing ProjectSettings/TagManager.asset using Guid(00000000000000003000000000000000) Importer(815301076,1909f56bfc062723c751e8b465ee728b)  -> (artifact id: '3324402d4671ecbcebe692cdf5c48b94') in 0.008623 seconds
  Import took 0.012210 seconds .

========================================================================
Received Import Request.
  Time since last request: 0.004182 seconds.
  path: ProjectSettings/TagManager.asset
  artifactKey: Guid(00000000000000003000000000000000) Importer(815301076,1909f56bfc062723c751e8b465ee728b)
Start importing ProjectSettings/TagManager.asset using Guid(00000000000000003000000000000000) Importer(815301076,1909f56bfc062723c751e8b465ee728b)  -> (artifact id: '3324402d4671ecbcebe692cdf5c48b94') in 0.006047 seconds
  Import took 0.010097 seconds .

========================================================================
Received Import Request.
  Time since last request: 28.710640 seconds.
  path: Assets/Demo/SpawnableObject.prefab
  artifactKey: Guid(6ad2afbd965d53b40b105ff987baf24f) Importer(815301076,1909f56bfc062723c751e8b465ee728b)
Start importing Assets/Demo/SpawnableObject.prefab using Guid(6ad2afbd965d53b40b105ff987baf24f) Importer(815301076,1909f56bfc062723c751e8b465ee728b)  -> (artifact id: 'db7312653421fac5274deff70f55d8cf') in 0.199469 seconds
  Import took 0.203745 seconds .

========================================================================
Received Import Request.
  Time since last request: 17.697164 seconds.
  path: Assets/Demo
  artifactKey: Guid(c6244b9e4bf7f2640af5df300227ed5e) Importer(815301076,1909f56bfc062723c751e8b465ee728b)
Start importing Assets/Demo using Guid(c6244b9e4bf7f2640af5df300227ed5e) Importer(815301076,1909f56bfc062723c751e8b465ee728b)  -> (artifact id: '166beb0b58af74092523e96f1c962d81') in 0.024220 seconds
  Import took 0.027272 seconds .

========================================================================
Received Import Request.
  Time since last request: 6.796551 seconds.
  path: Assets/Demo/NewBehaviourScript.cs
  artifactKey: Guid(f03f954fe5150aa4aa5fe9963e0a1080) Importer(815301076,1909f56bfc062723c751e8b465ee728b)
Start importing Assets/Demo/NewBehaviourScript.cs using Guid(f03f954fe5150aa4aa5fe9963e0a1080) Importer(815301076,1909f56bfc062723c751e8b465ee728b)  -> (artifact id: '23e88270c323da3c66b35ee18a0c4b09') in 0.048191 seconds
  Import took 0.050969 seconds .

========================================================================
Received Prepare
Registering precompiled user dll's ...
Registered in 0.001190 seconds.
Begin MonoManager ReloadAssembly
Native extension for WindowsStandalone target not found
Refreshing native plugins compatible for Editor in 0.40 ms, found 0 plugins.
Preloading 0 native plugins for Editor in 0.00 ms.
Invoked RoslynAnalysisRunner static constructor.
RoslynAnalysisRunner will not be running.
RoslynAnalysisRunner has terminated.
Mono: successfully reloaded assembly
- Completed reload, in  0.932 seconds
Platform modules already initialized, skipping
Switching build target platform(5) subTarget(0) extendedPlatform(0) -> platform(13) subTarget(537395200) extendedPlatform(0)
Refreshing native plugins compatible for Editor in 0.32 ms, found 0 plugins.
Preloading 0 native plugins for Editor in 0.00 ms.
Unloading 1431 Unused Serialized files (Serialized files now loaded: 0)
System memory in use before: 69.4 MB.
System memory in use after: 69.5 MB.

Unloading 11 unused Assets to reduce memory usage. Loaded Objects now: 1891.
Total: 2.538847 ms (FindLiveObjects: 0.381082 ms CreateObjectMapping: 0.058348 ms MarkObjects: 2.029765 ms  DeleteObjects: 0.064547 ms)

AssetImportParameters requested are different than current active one (requested -> active):
  custom:graphics/normal-map-encoding: 01000000000000000000000000000000 -> 02000000000000000000000000000000
========================================================================
Received Import Request.
  Time since last request: 43.275413 seconds.
  path: Assets/Demo/httpswww.google.cs
  artifactKey: Guid(f03f954fe5150aa4aa5fe9963e0a1080) Importer(815301076,1909f56bfc062723c751e8b465ee728b)
Start importing Assets/Demo/httpswww.google.cs using Guid(f03f954fe5150aa4aa5fe9963e0a1080) Importer(815301076,1909f56bfc062723c751e8b465ee728b)  -> (artifact id: 'debeb5596f9e0ad40b11bfc01df0c161') in 0.013146 seconds
  Import took 0.016046 seconds .

========================================================================
Received Prepare
Registering precompiled user dll's ...
Registered in 0.001174 seconds.
Begin MonoManager ReloadAssembly
Native extension for WindowsStandalone target not found
Refreshing native plugins compatible for Editor in 0.30 ms, found 0 plugins.
Preloading 0 native plugins for Editor in 0.00 ms.
Invoked RoslynAnalysisRunner static constructor.
RoslynAnalysisRunner will not be running.
RoslynAnalysisRunner has terminated.
Mono: successfully reloaded assembly
- Completed reload, in  1.018 seconds
Platform modules already initialized, skipping
Switching build target platform(5) subTarget(0) extendedPlatform(0) -> platform(13) subTarget(537395200) extendedPlatform(0)
Refreshing native plugins compatible for Editor in 5.67 ms, found 0 plugins.
Preloading 0 native plugins for Editor in 0.00 ms.
Unloading 1431 Unused Serialized files (Serialized files now loaded: 0)
System memory in use before: 69.4 MB.
System memory in use after: 69.5 MB.

Unloading 7 unused Assets to reduce memory usage. Loaded Objects now: 1895.
Total: 2.566562 ms (FindLiveObjects: 0.300854 ms CreateObjectMapping: 0.107578 ms MarkObjects: 2.055292 ms  DeleteObjects: 0.102108 ms)

AssetImportParameters requested are different than current active one (requested -> active):
  custom:graphics/normal-map-encoding: 01000000000000000000000000000000 -> 02000000000000000000000000000000
========================================================================
Received Prepare
Registering precompiled user dll's ...
Registered in 0.001151 seconds.
Begin MonoManager ReloadAssembly
Native extension for WindowsStandalone target not found
Refreshing native plugins compatible for Editor in 0.27 ms, found 0 plugins.
Preloading 0 native plugins for Editor in 0.00 ms.
Invoked RoslynAnalysisRunner static constructor.
RoslynAnalysisRunner will not be running.
RoslynAnalysisRunner has terminated.
Mono: successfully reloaded assembly
- Completed reload, in  0.944 seconds
Platform modules already initialized, skipping
Switching build target platform(5) subTarget(0) extendedPlatform(0) -> platform(13) subTarget(537395200) extendedPlatform(0)
Refreshing native plugins compatible for Editor in 0.32 ms, found 0 plugins.
Preloading 0 native plugins for Editor in 0.00 ms.
Unloading 1430 Unused Serialized files (Serialized files now loaded: 0)
System memory in use before: 69.4 MB.
System memory in use after: 69.5 MB.

Unloading 8 unused Assets to reduce memory usage. Loaded Objects now: 1898.
Total: 2.292328 ms (FindLiveObjects: 0.159362 ms CreateObjectMapping: 0.047043 ms MarkObjects: 2.012260 ms  DeleteObjects: 0.072570 ms)

AssetImportParameters requested are different than current active one (requested -> active):
  custom:graphics/normal-map-encoding: 01000000000000000000000000000000 -> 02000000000000000000000000000000
========================================================================
Received Import Request.
  Time since last request: 37.571814 seconds.
  path: Assets/Demo/SpawnableManager.cs
  artifactKey: Guid(82acf7bbff3d4924bae13faa8a933a88) Importer(815301076,1909f56bfc062723c751e8b465ee728b)
Start importing Assets/Demo/SpawnableManager.cs using Guid(82acf7bbff3d4924bae13faa8a933a88) Importer(815301076,1909f56bfc062723c751e8b465ee728b)  -> (artifact id: '9cb329cbf9b0f5279c64477bcf2aba53') in 0.009717 seconds
  Import took 0.013308 seconds .

========================================================================
Received Prepare
Registering precompiled user dll's ...
Registered in 0.000981 seconds.
Begin MonoManager ReloadAssembly
Native extension for WindowsStandalone target not found
Refreshing native plugins compatible for Editor in 0.26 ms, found 0 plugins.
Preloading 0 native plugins for Editor in 0.00 ms.
Invoked RoslynAnalysisRunner static constructor.
RoslynAnalysisRunner will not be running.
RoslynAnalysisRunner has terminated.
Mono: successfully reloaded assembly
- Completed reload, in  0.936 seconds
Platform modules already initialized, skipping
Switching build target platform(5) subTarget(0) extendedPlatform(0) -> platform(13) subTarget(537395200) extendedPlatform(0)
Refreshing native plugins compatible for Editor in 0.26 ms, found 0 plugins.
Preloading 0 native plugins for Editor in 0.00 ms.
Unloading 1431 Unused Serialized files (Serialized files now loaded: 0)
System memory in use before: 69.4 MB.
System memory in use after: 69.5 MB.

Unloading 7 unused Assets to reduce memory usage. Loaded Objects now: 1903.
Total: 1.956465 ms (FindLiveObjects: 0.213698 ms CreateObjectMapping: 0.054701 ms MarkObjects: 1.557879 ms  DeleteObjects: 0.128365 ms)

AssetImportParameters requested are different than current active one (requested -> active):
  custom:graphics/normal-map-encoding: 01000000000000000000000000000000 -> 02000000000000000000000000000000
========================================================================
Received Import Request.
  Time since last request: 1491.574985 seconds.
  path: Assets/Demo/SpawnableManager.cs
  artifactKey: Guid(82acf7bbff3d4924bae13faa8a933a88) Importer(815301076,1909f56bfc062723c751e8b465ee728b)
Start importing Assets/Demo/SpawnableManager.cs using Guid(82acf7bbff3d4924bae13faa8a933a88) Importer(815301076,1909f56bfc062723c751e8b465ee728b)  -> (artifact id: '0c4a7a0fd6d23b6699242e2ad4c512a2') in 0.011511 seconds
  Import took 0.015339 seconds .

========================================================================
Received Prepare
Registering precompiled user dll's ...
Registered in 0.001459 seconds.
Begin MonoManager ReloadAssembly
Native extension for WindowsStandalone target not found
Refreshing native plugins compatible for Editor in 0.27 ms, found 0 plugins.
Preloading 0 native plugins for Editor in 0.00 ms.
Invoked RoslynAnalysisRunner static constructor.
RoslynAnalysisRunner will not be running.
RoslynAnalysisRunner has terminated.
Mono: successfully reloaded assembly
- Completed reload, in  1.188 seconds
Platform modules already initialized, skipping
Switching build target platform(5) subTarget(0) extendedPlatform(0) -> platform(13) subTarget(537395200) extendedPlatform(0)
Refreshing native plugins compatible for Editor in 0.33 ms, found 0 plugins.
Preloading 0 native plugins for Editor in 0.00 ms.
Unloading 1431 Unused Serialized files (Serialized files now loaded: 0)
System memory in use before: 69.4 MB.
System memory in use after: 69.5 MB.

Unloading 7 unused Assets to reduce memory usage. Loaded Objects now: 1907.
Total: 2.401001 ms (FindLiveObjects: 0.225003 ms CreateObjectMapping: 0.080228 ms MarkObjects: 2.027576 ms  DeleteObjects: 0.066370 ms)

AssetImportParameters requested are different than current active one (requested -> active):
  custom:graphics/normal-map-encoding: 01000000000000000000000000000000 -> 02000000000000000000000000000000
========================================================================
Received Prepare
Switching build target platform(13) subTarget(537395200) extendedPlatform(0) -> platform(13) subTarget(524288) extendedPlatform(0)
Refreshing native plugins compatible for Editor in 1.53 ms, found 0 plugins.
Preloading 0 native plugins for Editor in 0.00 ms.
Unloading 4 Unused Serialized files (Serialized files now loaded: 0)
System memory in use before: 41.0 MB.
System memory in use after: 41.1 MB.

Unloading 4 unused Assets to reduce memory usage. Loaded Objects now: 1907.
Total: 4.641546 ms (FindLiveObjects: 0.443441 ms CreateObjectMapping: 0.223909 ms MarkObjects: 3.881569 ms  DeleteObjects: 0.090074 ms)

AssetImportParameters requested are different than current active one (requested -> active):
  buildTarget: platform 13, subtarget 524288, extendedPlatform 0 -> platform 13, subtarget 537395200, extendedPlatform 0
  graphicsApiMask: 2048 -> 2099200
========================================================================
Received Prepare
Refreshing native plugins compatible for Editor in 1.31 ms, found 0 plugins.
Preloading 0 native plugins for Editor in 0.00 ms.
Unloading 4 Unused Serialized files (Serialized files now loaded: 0)
System memory in use before: 41.0 MB.
System memory in use after: 41.1 MB.

Unloading 3 unused Assets to reduce memory usage. Loaded Objects now: 1908.
Total: 2.928316 ms (FindLiveObjects: 0.188900 ms CreateObjectMapping: 0.066370 ms MarkObjects: 2.616157 ms  DeleteObjects: 0.055065 ms)

========================================================================
Received Prepare
Refreshing native plugins compatible for Editor in 1.55 ms, found 0 plugins.
Preloading 0 native plugins for Editor in 0.00 ms.
Unloading 3 Unused Serialized files (Serialized files now loaded: 0)
System memory in use before: 40.9 MB.
System memory in use after: 41.0 MB.

Unloading 3 unused Assets to reduce memory usage. Loaded Objects now: 1908.
Total: 3.993888 ms (FindLiveObjects: 0.369048 ms CreateObjectMapping: 0.137846 ms MarkObjects: 3.384886 ms  DeleteObjects: 0.100649 ms)

========================================================================
Received Import Request.
  Time since last request: 2013.564892 seconds.
  path: Assets/Smart TV.obj
  artifactKey: Guid(deaf7b093cb83b34eaa1a743c9220940) Importer(815301076,1909f56bfc062723c751e8b465ee728b)
Start importing Assets/Smart TV.obj using Guid(deaf7b093cb83b34eaa1a743c9220940) Importer(815301076,1909f56bfc062723c751e8b465ee728b)  -> (artifact id: 'cdda4c0a43b83d4373771838922f97d2') in 0.396935 seconds
  Import took 0.401246 seconds .

========================================================================
Received Import Request.
  Time since last request: 58.648554 seconds.
  path: Assets/Demo/SpawnableObject.prefab
  artifactKey: Guid(6ad2afbd965d53b40b105ff987baf24f) Importer(815301076,1909f56bfc062723c751e8b465ee728b)
Start importing Assets/Demo/SpawnableObject.prefab using Guid(6ad2afbd965d53b40b105ff987baf24f) Importer(815301076,1909f56bfc062723c751e8b465ee728b)  -> (artifact id: '4019041af38faf998cf40b5891a6a13f') in 0.023937 seconds
  Import took 0.028182 seconds .

========================================================================
Received Import Request.
  Time since last request: 11.888270 seconds.
  path: Assets/Demo/SpawnableObject.prefab
  artifactKey: Guid(6ad2afbd965d53b40b105ff987baf24f) Importer(815301076,1909f56bfc062723c751e8b465ee728b)
Start importing Assets/Demo/SpawnableObject.prefab using Guid(6ad2afbd965d53b40b105ff987baf24f) Importer(815301076,1909f56bfc062723c751e8b465ee728b)  -> (artifact id: '0e224468e4c86cc78de50c6e4dfd04fa') in 0.023854 seconds
  Import took 0.028203 seconds .

========================================================================
Received Import Request.
  Time since last request: 14.134559 seconds.
  path: Assets/Demo/SpawnableObject Variant.prefab
  artifactKey: Guid(e43e3c3f2bd781b45ad5f9e7da843aa2) Importer(815301076,1909f56bfc062723c751e8b465ee728b)
Start importing Assets/Demo/SpawnableObject Variant.prefab using Guid(e43e3c3f2bd781b45ad5f9e7da843aa2) Importer(815301076,1909f56bfc062723c751e8b465ee728b)  -> (artifact id: 'a1ba9e68ac4489937212249540b7993c') in 0.017547 seconds
  Import took 0.021537 seconds .

========================================================================
Received Import Request.
  Time since last request: 0.024300 seconds.
  path: Assets/Demo/SpawnableObject Variant.prefab
  artifactKey: Guid(e43e3c3f2bd781b45ad5f9e7da843aa2) Importer(815301076,1909f56bfc062723c751e8b465ee728b)
Start importing Assets/Demo/SpawnableObject Variant.prefab using Guid(e43e3c3f2bd781b45ad5f9e7da843aa2) Importer(815301076,1909f56bfc062723c751e8b465ee728b)  -> (artifact id: 'a1ba9e68ac4489937212249540b7993c') in 0.020572 seconds
  Import took 0.024203 seconds .

========================================================================
Received Import Request.
  Time since last request: 30.298145 seconds.
  path: Assets/Demo/SpawnableObject.prefab
  artifactKey: Guid(6ad2afbd965d53b40b105ff987baf24f) Importer(815301076,1909f56bfc062723c751e8b465ee728b)
Start importing Assets/Demo/SpawnableObject.prefab using Guid(6ad2afbd965d53b40b105ff987baf24f) Importer(815301076,1909f56bfc062723c751e8b465ee728b)  -> (artifact id: 'a2c4af90d2aa69163ed6c9adf5e1a573') in 0.019595 seconds
  Import took 0.023836 seconds .

========================================================================
Received Import Request.
  Time since last request: 404.220427 seconds.
  path: Assets/Demo/Smart TV.prefab
  artifactKey: Guid(0e25c2a24a3350749bebe720527932a0) Importer(815301076,1909f56bfc062723c751e8b465ee728b)
Start importing Assets/Demo/Smart TV.prefab using Guid(0e25c2a24a3350749bebe720527932a0) Importer(815301076,1909f56bfc062723c751e8b465ee728b)  -> (artifact id: 'daf1b2cf437e0ca689eb7f28b39fd337') in 0.025891 seconds
  Import took 0.031166 seconds .

========================================================================
Received Import Request.
  Time since last request: 34.123423 seconds.
  path: Assets/Demo/SpawnableObject.prefab
  artifactKey: Guid(6ad2afbd965d53b40b105ff987baf24f) Importer(815301076,1909f56bfc062723c751e8b465ee728b)
Start importing Assets/Demo/SpawnableObject.prefab using Guid(6ad2afbd965d53b40b105ff987baf24f) Importer(815301076,1909f56bfc062723c751e8b465ee728b)  -> (artifact id: '197583b56ffadd838ddb22c02cec558c') in 0.021881 seconds
  Import took 0.029099 seconds .

========================================================================
Received Prepare
Refreshing native plugins compatible for Editor in 1.33 ms, found 0 plugins.
Preloading 0 native plugins for Editor in 0.00 ms.
Unloading 3 Unused Serialized files (Serialized files now loaded: 0)
System memory in use before: 41.7 MB.
System memory in use after: 41.8 MB.

Unloading 3 unused Assets to reduce memory usage. Loaded Objects now: 1945.
Total: 4.443893 ms (FindLiveObjects: 0.227191 ms CreateObjectMapping: 0.055795 ms MarkObjects: 4.081774 ms  DeleteObjects: 0.077310 ms)

========================================================================
Received Prepare
Refreshing native plugins compatible for Editor in 1.28 ms, found 0 plugins.
Preloading 0 native plugins for Editor in 0.00 ms.
Unloading 3 Unused Serialized files (Serialized files now loaded: 0)
System memory in use before: 41.7 MB.
System memory in use after: 41.8 MB.

Unloading 3 unused Assets to reduce memory usage. Loaded Objects now: 1945.
Total: 4.335221 ms (FindLiveObjects: 0.243601 ms CreateObjectMapping: 0.066006 ms MarkObjects: 3.944657 ms  DeleteObjects: 0.078769 ms)

========================================================================
Received Import Request.
  Time since last request: 221.832212 seconds.
  path: Assets/Demo/SpawnableObject 1.prefab
  artifactKey: Guid(75de0b5112bed1b45a742307a9bf2a91) Importer(815301076,1909f56bfc062723c751e8b465ee728b)
Start importing Assets/Demo/SpawnableObject 1.prefab using Guid(75de0b5112bed1b45a742307a9bf2a91) Importer(815301076,1909f56bfc062723c751e8b465ee728b)  -> (artifact id: '595acb0a9ec27defcf3ff6ec5227edc1') in 0.024981 seconds
  Import took 0.029080 seconds .

========================================================================
Received Import Request.
  Time since last request: 0.000925 seconds.
  path: Assets/Demo/SpawnableObject 1.prefab
  artifactKey: Guid(75de0b5112bed1b45a742307a9bf2a91) Importer(815301076,1909f56bfc062723c751e8b465ee728b)
Start importing Assets/Demo/SpawnableObject 1.prefab using Guid(75de0b5112bed1b45a742307a9bf2a91) Importer(815301076,1909f56bfc062723c751e8b465ee728b)  -> (artifact id: '595acb0a9ec27defcf3ff6ec5227edc1') in 0.015046 seconds
  Import took 0.018410 seconds .

========================================================================
Received Import Request.
  Time since last request: 27.563803 seconds.
  path: Assets/Demo/SpawnableObject2.prefab
  artifactKey: Guid(6ad2afbd965d53b40b105ff987baf24f) Importer(815301076,1909f56bfc062723c751e8b465ee728b)
Start importing Assets/Demo/SpawnableObject2.prefab using Guid(6ad2afbd965d53b40b105ff987baf24f) Importer(815301076,1909f56bfc062723c751e8b465ee728b)  -> (artifact id: '21fa3d320d264b329e12f5d45629b46e') in 0.027184 seconds
  Import took 0.030996 seconds .

========================================================================
Received Import Request.
  Time since last request: 6.452110 seconds.
  path: Assets/Demo/SpawnableObject.prefab
  artifactKey: Guid(75de0b5112bed1b45a742307a9bf2a91) Importer(815301076,1909f56bfc062723c751e8b465ee728b)
Start importing Assets/Demo/SpawnableObject.prefab using Guid(75de0b5112bed1b45a742307a9bf2a91) Importer(815301076,1909f56bfc062723c751e8b465ee728b)  -> (artifact id: 'e6f46f7b91cef9557034e3078ecb608d') in 0.012662 seconds
  Import took 0.017842 seconds .

========================================================================
Received Prepare
Refreshing native plugins compatible for Editor in 1.74 ms, found 0 plugins.
Preloading 0 native plugins for Editor in 0.00 ms.
Unloading 3 Unused Serialized files (Serialized files now loaded: 0)
System memory in use before: 41.7 MB.
System memory in use after: 41.8 MB.

Unloading 4 unused Assets to reduce memory usage. Loaded Objects now: 1945.
Total: 5.199494 ms (FindLiveObjects: 0.487931 ms CreateObjectMapping: 0.132376 ms MarkObjects: 4.427483 ms  DeleteObjects: 0.148057 ms)

========================================================================
Received Import Request.
  Time since last request: 171.978625 seconds.
  path: Assets/Demo/SpawnableManager.cs
  artifactKey: Guid(82acf7bbff3d4924bae13faa8a933a88) Importer(815301076,1909f56bfc062723c751e8b465ee728b)
Start importing Assets/Demo/SpawnableManager.cs using Guid(82acf7bbff3d4924bae13faa8a933a88) Importer(815301076,1909f56bfc062723c751e8b465ee728b)  -> (artifact id: '4af53abe41a4d2b4873d2621c6443514') in 0.004779 seconds
  Import took 0.008143 seconds .

========================================================================
Received Import Request.
  Time since last request: 0.001587 seconds.
  path: Assets/Demo/SpawnableManager.cs
  artifactKey: Guid(82acf7bbff3d4924bae13faa8a933a88) Importer(815301076,1909f56bfc062723c751e8b465ee728b)
Start importing Assets/Demo/SpawnableManager.cs using Guid(82acf7bbff3d4924bae13faa8a933a88) Importer(815301076,1909f56bfc062723c751e8b465ee728b)  -> (artifact id: '4af53abe41a4d2b4873d2621c6443514') in 0.005826 seconds
  Import took 0.008854 seconds .

========================================================================
Received Import Request.
  Time since last request: 266.099252 seconds.
  path: Assets/Demo/Smart TV.obj
  artifactKey: Guid(deaf7b093cb83b34eaa1a743c9220940) Importer(815301076,1909f56bfc062723c751e8b465ee728b)
Start importing Assets/Demo/Smart TV.obj using Guid(deaf7b093cb83b34eaa1a743c9220940) Importer(815301076,1909f56bfc062723c751e8b465ee728b)  -> (artifact id: '6bf9e4e261758cead310e76ca5f299b5') in 0.154311 seconds
  Import took 0.158224 seconds .

========================================================================
Received Import Request.
  Time since last request: 10.413212 seconds.
  path: Assets/Demo/Smart TV Variant.prefab
  artifactKey: Guid(ac9c5ba43bd7d984788732d1c5d28ac4) Importer(815301076,1909f56bfc062723c751e8b465ee728b)
Start importing Assets/Demo/Smart TV Variant.prefab using Guid(ac9c5ba43bd7d984788732d1c5d28ac4) Importer(815301076,1909f56bfc062723c751e8b465ee728b)  -> (artifact id: '36c87ad7626a6d80a599af3da9f2ccc2') in 0.019850 seconds
  Import took 0.024224 seconds .

========================================================================
Received Import Request.
  Time since last request: 25.435027 seconds.
  path: Assets/Demo/Smart TV.prefab
  artifactKey: Guid(0e25c2a24a3350749bebe720527932a0) Importer(815301076,1909f56bfc062723c751e8b465ee728b)
Start importing Assets/Demo/Smart TV.prefab using Guid(0e25c2a24a3350749bebe720527932a0) Importer(815301076,1909f56bfc062723c751e8b465ee728b)  -> (artifact id: '79d64bf1f3f0ef0622d893af0fb5d4f8') in 0.018654 seconds
  Import took 0.022963 seconds .

========================================================================
Received Import Request.
  Time since last request: 7.986011 seconds.
  path: Assets/Demo/Smart TV.prefab
  artifactKey: Guid(0e25c2a24a3350749bebe720527932a0) Importer(815301076,1909f56bfc062723c751e8b465ee728b)
Start importing Assets/Demo/Smart TV.prefab using Guid(0e25c2a24a3350749bebe720527932a0) Importer(815301076,1909f56bfc062723c751e8b465ee728b)  -> (artifact id: '2096dbfc8653f60ebcfd302a00007a2a') in 0.019327 seconds
  Import took 0.022723 seconds .

========================================================================
Received Import Request.
  Time since last request: 11.784099 seconds.
  path: Assets/Demo/Smart TV.prefab
  artifactKey: Guid(0e25c2a24a3350749bebe720527932a0) Importer(815301076,1909f56bfc062723c751e8b465ee728b)
Start importing Assets/Demo/Smart TV.prefab using Guid(0e25c2a24a3350749bebe720527932a0) Importer(815301076,1909f56bfc062723c751e8b465ee728b)  -> (artifact id: 'ed85067d5205540a230817ff717ab2e4') in 0.020622 seconds
  Import took 0.028784 seconds .

========================================================================
Received Import Request.
  Time since last request: 1.477835 seconds.
  path: Assets/Demo/Smart TV.prefab
  artifactKey: Guid(0e25c2a24a3350749bebe720527932a0) Importer(815301076,1909f56bfc062723c751e8b465ee728b)
Start importing Assets/Demo/Smart TV.prefab using Guid(0e25c2a24a3350749bebe720527932a0) Importer(815301076,1909f56bfc062723c751e8b465ee728b)  -> (artifact id: '83c500cba695451eb34079633a028e2d') in 0.022350 seconds
  Import took 0.026996 seconds .

========================================================================
Received Import Request.
  Time since last request: 0.008526 seconds.
  path: Assets/Demo/Smart TV.prefab
  artifactKey: Guid(0e25c2a24a3350749bebe720527932a0) Importer(815301076,1909f56bfc062723c751e8b465ee728b)
Start importing Assets/Demo/Smart TV.prefab using Guid(0e25c2a24a3350749bebe720527932a0) Importer(815301076,1909f56bfc062723c751e8b465ee728b)  -> (artifact id: '83c500cba695451eb34079633a028e2d') in 0.017611 seconds
  Import took 0.020854 seconds .

========================================================================
Received Import Request.
  Time since last request: 8.916970 seconds.
  path: Assets/Demo/Smart TV.prefab
  artifactKey: Guid(0e25c2a24a3350749bebe720527932a0) Importer(815301076,1909f56bfc062723c751e8b465ee728b)
Start importing Assets/Demo/Smart TV.prefab using Guid(0e25c2a24a3350749bebe720527932a0) Importer(815301076,1909f56bfc062723c751e8b465ee728b)  -> (artifact id: 'ef7b1ee757cf80728a0e994f0b3531bb') in 0.020996 seconds
  Import took 0.024561 seconds .

========================================================================
Received Import Request.
  Time since last request: 31.053594 seconds.
  path: Assets/Demo/Smart TV.prefab
  artifactKey: Guid(0e25c2a24a3350749bebe720527932a0) Importer(815301076,1909f56bfc062723c751e8b465ee728b)
Start importing Assets/Demo/Smart TV.prefab using Guid(0e25c2a24a3350749bebe720527932a0) Importer(815301076,1909f56bfc062723c751e8b465ee728b)  -> (artifact id: '4de64b0c15e0f6ada8b864ba7065050c') in 0.019872 seconds
  Import took 0.024328 seconds .

========================================================================
Received Import Request.
  Time since last request: 4.842653 seconds.
  path: Assets/Demo/Smart TV.prefab
  artifactKey: Guid(0e25c2a24a3350749bebe720527932a0) Importer(815301076,1909f56bfc062723c751e8b465ee728b)
Start importing Assets/Demo/Smart TV.prefab using Guid(0e25c2a24a3350749bebe720527932a0) Importer(815301076,1909f56bfc062723c751e8b465ee728b)  -> (artifact id: 'e659c1f0686ccb36e4c9fb87c47897ab') in 0.018513 seconds
  Import took 0.022263 seconds .

========================================================================
Received Import Request.
  Time since last request: 8.685975 seconds.
  path: Assets/Demo/Smart TV.prefab
  artifactKey: Guid(0e25c2a24a3350749bebe720527932a0) Importer(815301076,1909f56bfc062723c751e8b465ee728b)
Start importing Assets/Demo/Smart TV.prefab using Guid(0e25c2a24a3350749bebe720527932a0) Importer(815301076,1909f56bfc062723c751e8b465ee728b)  -> (artifact id: '6101d535a2bb1261a80ef553e67b007a') in 0.020865 seconds
  Import took 0.024233 seconds .

========================================================================
Received Import Request.
  Time since last request: 41.627889 seconds.
  path: Assets/Demo/SpawnableObject.prefab
  artifactKey: Guid(0e25c2a24a3350749bebe720527932a0) Importer(815301076,1909f56bfc062723c751e8b465ee728b)
Start importing Assets/Demo/SpawnableObject.prefab using Guid(0e25c2a24a3350749bebe720527932a0) Importer(815301076,1909f56bfc062723c751e8b465ee728b)  -> (artifact id: '6c0648952ab88977f01460e8c0d21976') in 0.019436 seconds
  Import took 0.023107 seconds .

========================================================================
Received Prepare
Refreshing native plugins compatible for Editor in 1.27 ms, found 0 plugins.
Preloading 0 native plugins for Editor in 0.00 ms.
Unloading 3 Unused Serialized files (Serialized files now loaded: 0)
System memory in use before: 41.8 MB.
System memory in use after: 41.9 MB.

Unloading 3 unused Assets to reduce memory usage. Loaded Objects now: 1945.
Total: 3.815928 ms (FindLiveObjects: 0.247248 ms CreateObjectMapping: 0.060171 ms MarkObjects: 3.406401 ms  DeleteObjects: 0.099555 ms)

========================================================================
Received Import Request.
  Time since last request: 1819.407224 seconds.
  path: Assets/Materials/Lowpolay_Laptop_2_col.mat
  artifactKey: Guid(5b5a0a20c86ebda4faeb567349eb3916) Importer(815301076,1909f56bfc062723c751e8b465ee728b)
Start importing Assets/Materials/Lowpolay_Laptop_2_col.mat using Guid(5b5a0a20c86ebda4faeb567349eb3916) Importer(815301076,1909f56bfc062723c751e8b465ee728b)  -> (artifact id: '760d21928e521dd8229a7de108c79bfb') in 0.509253 seconds
  Import took 0.512295 seconds .

========================================================================
Received Import Request.
  Time since last request: 0.000313 seconds.
  path: Assets/Materials/Lowpolay_Laptop_col.mat
  artifactKey: Guid(33441e872453c814fa86ce3ad9e80cd5) Importer(815301076,1909f56bfc062723c751e8b465ee728b)
Start importing Assets/Materials/Lowpolay_Laptop_col.mat using Guid(33441e872453c814fa86ce3ad9e80cd5) Importer(815301076,1909f56bfc062723c751e8b465ee728b)  -> (artifact id: '9a41268dd5dd7d01ecf3b3f0ccafb0fb') in 0.139606 seconds
  Import took 0.142474 seconds .

========================================================================
Received Import Request.
  Time since last request: 0.000332 seconds.
  path: Assets/Materials/New Material.mat
  artifactKey: Guid(dfdba5521c2d72a4996b9564987ebcac) Importer(815301076,1909f56bfc062723c751e8b465ee728b)
Start importing Assets/Materials/New Material.mat using Guid(dfdba5521c2d72a4996b9564987ebcac) Importer(815301076,1909f56bfc062723c751e8b465ee728b)  -> (artifact id: 'fb4d7c0a83582c59545e15605d768ecc') in 0.015971 seconds
  Import took 0.019892 seconds .

========================================================================
Received Import Request.
  Time since last request: 4.483559 seconds.
  path: Assets/Textures/Lowpoly_Laptop_1.jpg
  artifactKey: Guid(3450673b3379b174280ccdbed58e79df) Importer(815301076,1909f56bfc062723c751e8b465ee728b)
Start importing Assets/Textures/Lowpoly_Laptop_1.jpg using Guid(3450673b3379b174280ccdbed58e79df) Importer(815301076,1909f56bfc062723c751e8b465ee728b)  -> (artifact id: '57877ae74e33c2dda373c011db200298') in 0.174007 seconds
  Import took 0.177103 seconds .

========================================================================
Received Import Request.
  Time since last request: 0.000359 seconds.
  path: Assets/Textures/Lowpoly_Laptop_Nor_2.jpg
  artifactKey: Guid(92efe34946c46d843ac94e89f99bdca5) Importer(815301076,1909f56bfc062723c751e8b465ee728b)
Start importing Assets/Textures/Lowpoly_Laptop_Nor_2.jpg using Guid(92efe34946c46d843ac94e89f99bdca5) Importer(815301076,1909f56bfc062723c751e8b465ee728b)  -> (artifact id: '03406d03ab6ae4d33254051bb887000c') in 0.076052 seconds
  Import took 0.078877 seconds .

========================================================================
Received Import Request.
  Time since last request: 0.000342 seconds.
  path: Assets/Textures/Lowpoly_Laptop_2.jpg
  artifactKey: Guid(374f253aae083604db042df9b58ff082) Importer(815301076,1909f56bfc062723c751e8b465ee728b)
Start importing Assets/Textures/Lowpoly_Laptop_2.jpg using Guid(374f253aae083604db042df9b58ff082) Importer(815301076,1909f56bfc062723c751e8b465ee728b)  -> (artifact id: '9c4a69dacf0520fe37506fbc7b4daddf') in 0.068412 seconds
  Import took 0.071280 seconds .

========================================================================
Received Import Request.
  Time since last request: 0.000309 seconds.
  path: Assets/Textures/Lowpoly_Laptop_Nor_1.jpg
  artifactKey: Guid(fd0357b84360d3e41b3136184c286fbe) Importer(815301076,1909f56bfc062723c751e8b465ee728b)
Start importing Assets/Textures/Lowpoly_Laptop_Nor_1.jpg using Guid(fd0357b84360d3e41b3136184c286fbe) Importer(815301076,1909f56bfc062723c751e8b465ee728b)  -> (artifact id: 'c6ccbb685d85dc5cedcbdc0a324c679f') in 0.074445 seconds
  Import took 0.077608 seconds .

========================================================================
Received Import Request.
  Time since last request: 61.467597 seconds.
  path: Assets/Scenes/SampleScene.unity
  artifactKey: Guid(9fc0d4010bbf28b4594072e72b8655ab) Importer(815301076,1909f56bfc062723c751e8b465ee728b)
Start importing Assets/Scenes/SampleScene.unity using Guid(9fc0d4010bbf28b4594072e72b8655ab) Importer(815301076,1909f56bfc062723c751e8b465ee728b)  -> (artifact id: '7bc637dfc12bb52fd28cce0bbc9c519e') in 0.008371 seconds
  Import took 0.012307 seconds .

========================================================================
Received Import Request.
  Time since last request: 12.860053 seconds.
  path: Assets/Tree_Textures/diffuse.png
  artifactKey: Guid(9d9761dc4f6059242add9b5bcaec78be) Importer(815301076,1909f56bfc062723c751e8b465ee728b)
Start importing Assets/Tree_Textures/diffuse.png using Guid(9d9761dc4f6059242add9b5bcaec78be) Importer(815301076,1909f56bfc062723c751e8b465ee728b)  -> (artifact id: 'f285422d9499616cd8964a0df109a797') in 0.015352 seconds
  Import took 0.018774 seconds .

========================================================================
Received Import Request.
  Time since last request: 0.000453 seconds.
  path: Assets/Tree_Textures/translucency_gloss.png
  artifactKey: Guid(c0a52588cc32ae74b979c1d15d42d436) Importer(815301076,1909f56bfc062723c751e8b465ee728b)
Start importing Assets/Tree_Textures/translucency_gloss.png using Guid(c0a52588cc32ae74b979c1d15d42d436) Importer(815301076,1909f56bfc062723c751e8b465ee728b)  -> (artifact id: 'a17b6a396670d5ffa2fc7100a5e9c5db') in 0.012548 seconds
  Import took 0.015789 seconds .

========================================================================
Received Import Request.
  Time since last request: 0.000288 seconds.
  path: Assets/Tree_Textures/normal_specular.png
  artifactKey: Guid(d95831239e0b2594f8ec8f20878fbe14) Importer(815301076,1909f56bfc062723c751e8b465ee728b)
Start importing Assets/Tree_Textures/normal_specular.png using Guid(d95831239e0b2594f8ec8f20878fbe14) Importer(815301076,1909f56bfc062723c751e8b465ee728b)  -> (artifact id: '520cf07f5d32639d9efd557ba709bd08') in 0.010862 seconds
  Import took 0.013619 seconds .

========================================================================
Received Import Request.
  Time since last request: 0.000353 seconds.
  path: Assets/Tree_Textures/shadow.png
  artifactKey: Guid(70a7ce4ee319b994e854d185ca08e90a) Importer(815301076,1909f56bfc062723c751e8b465ee728b)
Start importing Assets/Tree_Textures/shadow.png using Guid(70a7ce4ee319b994e854d185ca08e90a) Importer(815301076,1909f56bfc062723c751e8b465ee728b)  -> (artifact id: '2882c4d635817bd86d9cfd8ab46a16ba') in 0.016058 seconds
  Import took 0.019093 seconds .

========================================================================
Received Import Request.
  Time since last request: 0.515510 seconds.
  path: Assets/XR/XRGeneralSettings.asset
  artifactKey: Guid(a382e186550543b418b3a13c6c3c3853) Importer(815301076,1909f56bfc062723c751e8b465ee728b)
Start importing Assets/XR/XRGeneralSettings.asset using Guid(a382e186550543b418b3a13c6c3c3853) Importer(815301076,1909f56bfc062723c751e8b465ee728b)  -> (artifact id: 'c02eb72b1c51ba93738c0bb13e217112') in 0.042989 seconds
  Import took 0.046459 seconds .

========================================================================
Received Import Request.
  Time since last request: 19.135766 seconds.
  path: Assets/Lowpoly_Notebook_2.fbx
  artifactKey: Guid(17813e373c247bb4f9c7a0e75cd6a9dd) Importer(815301076,1909f56bfc062723c751e8b465ee728b)
Start importing Assets/Lowpoly_Notebook_2.fbx using Guid(17813e373c247bb4f9c7a0e75cd6a9dd) Importer(815301076,1909f56bfc062723c751e8b465ee728b)  -> (artifact id: '72fb1e9149d6348b84fb9d76a8159945') in 0.560307 seconds
  Import took 0.563364 seconds .

========================================================================
Received Import Request.
  Time since last request: 0.000458 seconds.
  path: Assets/Tree.prefab
  artifactKey: Guid(490fc81954ac3fd4c947a178026ba60e) Importer(815301076,1909f56bfc062723c751e8b465ee728b)
Start importing Assets/Tree.prefab using Guid(490fc81954ac3fd4c947a178026ba60e) Importer(815301076,1909f56bfc062723c751e8b465ee728b)  -> (artifact id: '7f7a6ebe2ba7b4cb6499eb9e59a83769') in 0.230529 seconds
  Import took 0.233134 seconds .

========================================================================
Received Import Request.
  Time since last request: 153.991016 seconds.
  path: Assets/Demo/UHDRTV_low.fbx
  artifactKey: Guid(e0e949d4c548ae640bf46d1f147b7acb) Importer(815301076,1909f56bfc062723c751e8b465ee728b)
Start importing Assets/Demo/UHDRTV_low.fbx using Guid(e0e949d4c548ae640bf46d1f147b7acb) Importer(815301076,1909f56bfc062723c751e8b465ee728b)  -> (artifact id: '456e53aac68652ae39a231979984cb98') in 0.079547 seconds
  Import took 0.083740 seconds .

========================================================================
Received Import Request.
  Time since last request: 113.209057 seconds.
  path: Assets/textures/UHDRTV_low_PianoBlack_BaseColor.png
  artifactKey: Guid(80262d1e7ec68124793266bdcdf9d03c) Importer(815301076,1909f56bfc062723c751e8b465ee728b)
Start importing Assets/textures/UHDRTV_low_PianoBlack_BaseColor.png using Guid(80262d1e7ec68124793266bdcdf9d03c) Importer(815301076,1909f56bfc062723c751e8b465ee728b)  -> (artifact id: 'da4ca1f321a45591232c12cf8c6a866e') in 0.068313 seconds
  Import took 0.072050 seconds .

========================================================================
Received Import Request.
  Time since last request: 0.000344 seconds.
  path: Assets/textures/UHDRTV_low_PianoBlack_Normal.png
  artifactKey: Guid(004d869ad82205c498240b6762948fed) Importer(815301076,1909f56bfc062723c751e8b465ee728b)
Start importing Assets/textures/UHDRTV_low_PianoBlack_Normal.png using Guid(004d869ad82205c498240b6762948fed) Importer(815301076,1909f56bfc062723c751e8b465ee728b)  -> (artifact id: '2f5b71a17a9e63ee2c1fd84957600da7') in 0.073144 seconds
  Import took 0.076183 seconds .

========================================================================
Received Import Request.
  Time since last request: 0.000330 seconds.
  path: Assets/textures/UHDRTV_low_PianoBlack_Metallic.png
  artifactKey: Guid(8c6bb3c485bddd047a084e1803d850a5) Importer(815301076,1909f56bfc062723c751e8b465ee728b)
Start importing Assets/textures/UHDRTV_low_PianoBlack_Metallic.png using Guid(8c6bb3c485bddd047a084e1803d850a5) Importer(815301076,1909f56bfc062723c751e8b465ee728b)  -> (artifact id: 'dfe546f4c9ed8181059cd9def775b0bb') in 0.067651 seconds
  Import took 0.070397 seconds .

========================================================================
Received Import Request.
  Time since last request: 0.000317 seconds.
  path: Assets/textures/UHDRTV_low_PianoBlack_Roughness.png
  artifactKey: Guid(829f800d72b6b3a40b0110b38ba3a13b) Importer(815301076,1909f56bfc062723c751e8b465ee728b)
Start importing Assets/textures/UHDRTV_low_PianoBlack_Roughness.png using Guid(829f800d72b6b3a40b0110b38ba3a13b) Importer(815301076,1909f56bfc062723c751e8b465ee728b)  -> (artifact id: '7a892e983d340428c410d54bd28401ec') in 0.070768 seconds
  Import took 0.073278 seconds .

========================================================================
Received Import Request.
  Time since last request: 100.030049 seconds.
  path: Assets/Demo/UHDRTV_low.prefab
  artifactKey: Guid(c917a5bdd67178641aa381c65e503022) Importer(815301076,1909f56bfc062723c751e8b465ee728b)
Start importing Assets/Demo/UHDRTV_low.prefab using Guid(c917a5bdd67178641aa381c65e503022) Importer(815301076,1909f56bfc062723c751e8b465ee728b)  -> (artifact id: '8b4f55119e83549871faa92fad9ebd4b') in 0.103558 seconds
  Import took 0.109060 seconds .

========================================================================
Received Import Request.
  Time since last request: 20.220398 seconds.
  path: Assets/Demo/SpawnajbleObject.prefab
  artifactKey: Guid(0e25c2a24a3350749bebe720527932a0) Importer(815301076,1909f56bfc062723c751e8b465ee728b)
Start importing Assets/Demo/SpawnajbleObject.prefab using Guid(0e25c2a24a3350749bebe720527932a0) Importer(815301076,1909f56bfc062723c751e8b465ee728b)  -> (artifact id: 'd60294acd73345b054070033e7e62865') in 0.010511 seconds
  Import took 0.013757 seconds .

========================================================================
Received Import Request.
  Time since last request: 0.000658 seconds.
  path: Assets/Demo/SpawnajbleObject.prefab
  artifactKey: Guid(0e25c2a24a3350749bebe720527932a0) Importer(815301076,1909f56bfc062723c751e8b465ee728b)
Start importing Assets/Demo/SpawnajbleObject.prefab using Guid(0e25c2a24a3350749bebe720527932a0) Importer(815301076,1909f56bfc062723c751e8b465ee728b)  -> (artifact id: 'd60294acd73345b054070033e7e62865') in 0.009669 seconds
  Import took 0.013342 seconds .

========================================================================
Received Import Request.
  Time since last request: 14.622602 seconds.
  path: Assets/Demo/SpawnableObject.prefab
  artifactKey: Guid(c917a5bdd67178641aa381c65e503022) Importer(815301076,1909f56bfc062723c751e8b465ee728b)
Start importing Assets/Demo/SpawnableObject.prefab using Guid(c917a5bdd67178641aa381c65e503022) Importer(815301076,1909f56bfc062723c751e8b465ee728b)  -> (artifact id: 'bb851f9c7f325f51b0955e391be55e81') in 0.074354 seconds
  Import took 0.078039 seconds .

========================================================================
Received Prepare
Refreshing native plugins compatible for Editor in 1.19 ms, found 0 plugins.
Preloading 0 native plugins for Editor in 0.00 ms.
Unloading 3 Unused Serialized files (Serialized files now loaded: 0)
System memory in use before: 57.0 MB.
System memory in use after: 57.1 MB.

Unloading 4 unused Assets to reduce memory usage. Loaded Objects now: 1953.
Total: 3.968726 ms (FindLiveObjects: 0.331852 ms CreateObjectMapping: 0.058348 ms MarkObjects: 3.444327 ms  DeleteObjects: 0.132376 ms)

========================================================================
Received Import Request.
  Time since last request: 122.962801 seconds.
  path: Assets/Demo/SpawnabledObject.prefab
  artifactKey: Guid(c917a5bdd67178641aa381c65e503022) Importer(815301076,1909f56bfc062723c751e8b465ee728b)
Start importing Assets/Demo/SpawnabledObject.prefab using Guid(c917a5bdd67178641aa381c65e503022) Importer(815301076,1909f56bfc062723c751e8b465ee728b)  -> (artifact id: 'abe60157ac8bed337ecdee3c1ae8a7a5') in 0.015337 seconds
  Import took 0.020295 seconds .

========================================================================
Received Prepare
Refreshing native plugins compatible for Editor in 1.12 ms, found 0 plugins.
Preloading 0 native plugins for Editor in 0.00 ms.
Unloading 3 Unused Serialized files (Serialized files now loaded: 0)
System memory in use before: 57.0 MB.
System memory in use after: 57.1 MB.

Unloading 3 unused Assets to reduce memory usage. Loaded Objects now: 1953.
Total: 3.946845 ms (FindLiveObjects: 0.267669 ms CreateObjectMapping: 0.074028 ms MarkObjects: 3.522002 ms  DeleteObjects: 0.079863 ms)

========================================================================
Received Import Request.
  Time since last request: 94.662661 seconds.
  path: Assets/Demo/SpawnableObject.prefab
  artifactKey: Guid(c917a5bdd67178641aa381c65e503022) Importer(815301076,1909f56bfc062723c751e8b465ee728b)
Start importing Assets/Demo/SpawnableObject.prefab using Guid(c917a5bdd67178641aa381c65e503022) Importer(815301076,1909f56bfc062723c751e8b465ee728b)  -> (artifact id: '4d6d4c87188e465400579e92e8211ecb') in 0.012086 seconds
  Import took 0.017687 seconds .

========================================================================
Received Import Request.
  Time since last request: 0.000674 seconds.
  path: Assets/Demo/SpawnableObject.prefab
  artifactKey: Guid(c917a5bdd67178641aa381c65e503022) Importer(815301076,1909f56bfc062723c751e8b465ee728b)
Start importing Assets/Demo/SpawnableObject.prefab using Guid(c917a5bdd67178641aa381c65e503022) Importer(815301076,1909f56bfc062723c751e8b465ee728b)  -> (artifact id: '4d6d4c87188e465400579e92e8211ecb') in 0.008800 seconds
  Import took 0.013080 seconds .

========================================================================
Received Import Request.
  Time since last request: 1151.175021 seconds.
  path: Assets/Materials/UHDRTV_low_PianoBlack_BaseColor.mat
  artifactKey: Guid(9d9266c02de99a94cb015480ced19576) Importer(815301076,1909f56bfc062723c751e8b465ee728b)
Start importing Assets/Materials/UHDRTV_low_PianoBlack_BaseColor.mat using Guid(9d9266c02de99a94cb015480ced19576) Importer(815301076,1909f56bfc062723c751e8b465ee728b)  -> (artifact id: '47a9620c069c24e6be80d78396fa8f33') in 0.101895 seconds
  Import took 0.106736 seconds .

========================================================================
Received Import Request.
  Time since last request: 0.000478 seconds.
  path: Assets/Materials/UHDRTV_low_PianoBlack_Metallic.mat
  artifactKey: Guid(90f7f6b524eb4694d8ab9615fd5ba9ce) Importer(815301076,1909f56bfc062723c751e8b465ee728b)
Start importing Assets/Materials/UHDRTV_low_PianoBlack_Metallic.mat using Guid(90f7f6b524eb4694d8ab9615fd5ba9ce) Importer(815301076,1909f56bfc062723c751e8b465ee728b)  -> (artifact id: '78601b303b9439bb69b6f1df722651e7') in 0.112762 seconds
  Import took 0.117142 seconds .

========================================================================
Received Import Request.
  Time since last request: 0.000399 seconds.
  path: Assets/Materials/UHDRTV_low_PianoBlack_Roughness.mat
  artifactKey: Guid(a14381bb417deb741bcfb4f48aa09561) Importer(815301076,1909f56bfc062723c751e8b465ee728b)
Start importing Assets/Materials/UHDRTV_low_PianoBlack_Roughness.mat using Guid(a14381bb417deb741bcfb4f48aa09561) Importer(815301076,1909f56bfc062723c751e8b465ee728b)  -> (artifact id: '1f15ff9d9c7c9e7eb22f43a8028007d6') in 0.111901 seconds
  Import took 0.117349 seconds .

========================================================================
Received Import Request.
  Time since last request: 0.000446 seconds.
  path: Assets/Materials/UHDRTV_low_PianoBlack_Normal.mat
  artifactKey: Guid(0e9e62b47c78bcb4a8fd4d83fec1e15b) Importer(815301076,1909f56bfc062723c751e8b465ee728b)
Start importing Assets/Materials/UHDRTV_low_PianoBlack_Normal.mat using Guid(0e9e62b47c78bcb4a8fd4d83fec1e15b) Importer(815301076,1909f56bfc062723c751e8b465ee728b)  -> (artifact id: '30eb7726a196891a0b6b023d9dcc27e3') in 0.117792 seconds
  Import took 0.121920 seconds .

========================================================================
Received Import Request.
  Time since last request: 3.876188 seconds.
  path: Assets/Tv_furniture/Tv_furniture.unity
  artifactKey: Guid(f68c99b6b979db54f8f8af8d85d64b1a) Importer(815301076,1909f56bfc062723c751e8b465ee728b)
Start importing Assets/Tv_furniture/Tv_furniture.unity using Guid(f68c99b6b979db54f8f8af8d85d64b1a) Importer(815301076,1909f56bfc062723c751e8b465ee728b)  -> (artifact id: 'a262d7fd272d85ff6b481795958e7deb') in 0.014282 seconds
  Import took 0.018816 seconds .

========================================================================
Received Import Request.
  Time since last request: 0.000936 seconds.
  path: Assets/Tv_furniture/Tv_furniture.unity
  artifactKey: Guid(f68c99b6b979db54f8f8af8d85d64b1a) Importer(815301076,1909f56bfc062723c751e8b465ee728b)
Start importing Assets/Tv_furniture/Tv_furniture.unity using Guid(f68c99b6b979db54f8f8af8d85d64b1a) Importer(815301076,1909f56bfc062723c751e8b465ee728b)  -> (artifact id: 'a262d7fd272d85ff6b481795958e7deb') in 0.007907 seconds
  Import took 0.012085 seconds .

========================================================================
Received Import Request.
  Time since last request: 0.872767 seconds.
  path: Assets/Tv_furniture/Prefabs
  artifactKey: Guid(3ce852974fa8df9468a48a8b0774e838) Importer(815301076,1909f56bfc062723c751e8b465ee728b)
Start importing Assets/Tv_furniture/Prefabs using Guid(3ce852974fa8df9468a48a8b0774e838) Importer(815301076,1909f56bfc062723c751e8b465ee728b)  -> (artifact id: '01df8d9af85b80fb399e8d33433e4e6c') in 0.012294 seconds
  Import took 0.016550 seconds .

========================================================================
Received Import Request.
  Time since last request: 0.693720 seconds.
  path: Assets/Tv_furniture/Prefabs/Sun.prefab
  artifactKey: Guid(272e57789dfa59248814e7424ea81fa7) Importer(815301076,1909f56bfc062723c751e8b465ee728b)
Start importing Assets/Tv_furniture/Prefabs/Sun.prefab using Guid(272e57789dfa59248814e7424ea81fa7) Importer(815301076,1909f56bfc062723c751e8b465ee728b)  -> (artifact id: 'b109eb953c2109d2d7b947551555d0af') in 0.025600 seconds
  Import took 0.033897 seconds .

========================================================================
Received Import Request.
  Time since last request: 0.000757 seconds.
  path: Assets/Tv_furniture/Prefabs/TV_furniture.prefab
  artifactKey: Guid(3b37494fcd66cb749821d50932701383) Importer(815301076,1909f56bfc062723c751e8b465ee728b)
Start importing Assets/Tv_furniture/Prefabs/TV_furniture.prefab using Guid(3b37494fcd66cb749821d50932701383) Importer(815301076,1909f56bfc062723c751e8b465ee728b)  -> (artifact id: '96d6341280cf828d8f8e45e792d0284c') in 0.456181 seconds
  Import took 0.462534 seconds .

========================================================================
Received Import Request.
  Time since last request: 15.671005 seconds.
  path: Assets/Tv_furniture/Mod/TV_furniture.FBX
  artifactKey: Guid(0190f3f0bd258714eb26512c8b481e81) Importer(815301076,1909f56bfc062723c751e8b465ee728b)
Start importing Assets/Tv_furniture/Mod/TV_furniture.FBX using Guid(0190f3f0bd258714eb26512c8b481e81) Importer(815301076,1909f56bfc062723c751e8b465ee728b)  -> (artifact id: '04e24c0e6e426395cca33eed4532eb68') in 0.149274 seconds
  Import took 0.153539 seconds .

========================================================================
Received Import Request.
  Time since last request: 1.727286 seconds.
  path: Assets/Tv_furniture/Mod/Materials
  artifactKey: Guid(16b4850c8634afd42b3ce61b9cf52bcf) Importer(815301076,1909f56bfc062723c751e8b465ee728b)
Start importing Assets/Tv_furniture/Mod/Materials using Guid(16b4850c8634afd42b3ce61b9cf52bcf) Importer(815301076,1909f56bfc062723c751e8b465ee728b)  -> (artifact id: 'd5fc8107f0145ad1f38f73145648418a') in 0.008254 seconds
  Import took 0.012130 seconds .

========================================================================
Received Import Request.
  Time since last request: 0.000662 seconds.
  path: Assets/Tv_furniture/Mod/Materials
  artifactKey: Guid(16b4850c8634afd42b3ce61b9cf52bcf) Importer(815301076,1909f56bfc062723c751e8b465ee728b)
Start importing Assets/Tv_furniture/Mod/Materials using Guid(16b4850c8634afd42b3ce61b9cf52bcf) Importer(815301076,1909f56bfc062723c751e8b465ee728b)  -> (artifact id: 'd5fc8107f0145ad1f38f73145648418a') in 0.005779 seconds
  Import took 0.009794 seconds .

========================================================================
Received Import Request.
  Time since last request: 0.300764 seconds.
  path: Assets/Tv_furniture/Mod/Materials/skybox_procedural.mat
  artifactKey: Guid(0e589929e46602943b0e4b58382255c2) Importer(815301076,1909f56bfc062723c751e8b465ee728b)
Start importing Assets/Tv_furniture/Mod/Materials/skybox_procedural.mat using Guid(0e589929e46602943b0e4b58382255c2) Importer(815301076,1909f56bfc062723c751e8b465ee728b)  -> (artifact id: 'd5acc61cee5d24f72d892878746d1d97') in 0.176645 seconds
  Import took 0.183984 seconds .

========================================================================
Received Import Request.
  Time since last request: 0.000549 seconds.
  path: Assets/Tv_furniture/Mod/Materials/TV_furniture_main_color.mat
  artifactKey: Guid(37864df877bf89848938b3b414db656a) Importer(815301076,1909f56bfc062723c751e8b465ee728b)
Start importing Assets/Tv_furniture/Mod/Materials/TV_furniture_main_color.mat using Guid(37864df877bf89848938b3b414db656a) Importer(815301076,1909f56bfc062723c751e8b465ee728b)  -> (artifact id: 'd15ef77d26b5f9c667ba2dd36d93a118') in 0.167334 seconds
  Import took 0.172655 seconds .

========================================================================
Received Import Request.
  Time since last request: 0.000551 seconds.
  path: Assets/Tv_furniture/Mod/Materials/TV_furniture_metal.mat
  artifactKey: Guid(bd561631f7146914599203b6e676bb48) Importer(815301076,1909f56bfc062723c751e8b465ee728b)
Start importing Assets/Tv_furniture/Mod/Materials/TV_furniture_metal.mat using Guid(bd561631f7146914599203b6e676bb48) Importer(815301076,1909f56bfc062723c751e8b465ee728b)  -> (artifact id: '858538b7dca3bb429943c6b0cd82b75f') in 0.155551 seconds
  Import took 0.160812 seconds .

========================================================================
Received Import Request.
  Time since last request: 0.000424 seconds.
  path: Assets/Tv_furniture/Mod/Materials/TV_furniture_glass.mat
  artifactKey: Guid(c0c8403370628704fa4376115a10140e) Importer(815301076,1909f56bfc062723c751e8b465ee728b)
Start importing Assets/Tv_furniture/Mod/Materials/TV_furniture_glass.mat using Guid(c0c8403370628704fa4376115a10140e) Importer(815301076,1909f56bfc062723c751e8b465ee728b)  -> (artifact id: '6f4a5548f09fb26654676ef05dc6b9dc') in 0.181756 seconds
  Import took 0.188150 seconds .

========================================================================
Received Import Request.
  Time since last request: 5.046108 seconds.
  path: Assets/Tv_furniture/Textures/TV_furniture_AO.tga
  artifactKey: Guid(5d9150fe7348b4741a5d9614e8adbb4f) Importer(815301076,1909f56bfc062723c751e8b465ee728b)
Start importing Assets/Tv_furniture/Textures/TV_furniture_AO.tga using Guid(5d9150fe7348b4741a5d9614e8adbb4f) Importer(815301076,1909f56bfc062723c751e8b465ee728b)  -> (artifact id: '2383ab23b0454600c51aa48eea6b6300') in 0.101454 seconds
  Import took 0.105114 seconds .

========================================================================
Received Import Request.
  Time since last request: 35.679793 seconds.
  path: Assets/Tv_furniture/Prefabs/SpawnableObject.prefab
  artifactKey: Guid(3b37494fcd66cb749821d50932701383) Importer(815301076,1909f56bfc062723c751e8b465ee728b)
Start importing Assets/Tv_furniture/Prefabs/SpawnableObject.prefab using Guid(3b37494fcd66cb749821d50932701383) Importer(815301076,1909f56bfc062723c751e8b465ee728b)  -> (artifact id: '7d934e5208ae2a9be831422873013b22') in 0.154085 seconds
  Import took 0.159408 seconds .

========================================================================
Received Import Request.
  Time since last request: 88.492642 seconds.
  path: Assets/Tv_furniture/Textures
  artifactKey: Guid(dc153850d7d42414585e894d857259e7) Importer(815301076,1909f56bfc062723c751e8b465ee728b)
Start importing Assets/Tv_furniture/Textures using Guid(dc153850d7d42414585e894d857259e7) Importer(815301076,1909f56bfc062723c751e8b465ee728b)  -> (artifact id: '814d630fc07a38bb4e45522643782dd2') in 0.008578 seconds
  Import took 0.014068 seconds .

========================================================================
Received Import Request.
  Time since last request: 6.059116 seconds.
  path: Assets/Tv_furniture/Mod
  artifactKey: Guid(3190e00978e1298409f0726077608a9c) Importer(815301076,1909f56bfc062723c751e8b465ee728b)
Start importing Assets/Tv_furniture/Mod using Guid(3190e00978e1298409f0726077608a9c) Importer(815301076,1909f56bfc062723c751e8b465ee728b)  -> (artifact id: 'a75ff2c0e3fea912d399a5edb748fc78') in 0.010676 seconds
  Import took 0.014992 seconds .

========================================================================
Received Import Request.
  Time since last request: 42.999949 seconds.
  path: Assets/Tv_furniture/Prefabs/SpawnableObject.prefab
  artifactKey: Guid(3b37494fcd66cb749821d50932701383) Importer(815301076,1909f56bfc062723c751e8b465ee728b)
Start importing Assets/Tv_furniture/Prefabs/SpawnableObject.prefab using Guid(3b37494fcd66cb749821d50932701383) Importer(815301076,1909f56bfc062723c751e8b465ee728b)  -> (artifact id: '5e9c20d6bc27fba0b8413e29f4475e65') in 0.186660 seconds
  Import took 0.192707 seconds .

========================================================================
Received Import Request.
  Time since last request: 11.832024 seconds.
  path: Assets/Tv_furniture/Prefabs/SpawnableObject.prefab
  artifactKey: Guid(3b37494fcd66cb749821d50932701383) Importer(815301076,1909f56bfc062723c751e8b465ee728b)
Start importing Assets/Tv_furniture/Prefabs/SpawnableObject.prefab using Guid(3b37494fcd66cb749821d50932701383) Importer(815301076,1909f56bfc062723c751e8b465ee728b)  -> (artifact id: 'f2b83cd9bc2dcd4d39efe1e450d8e906') in 0.279375 seconds
  Import took 0.288099 seconds .

========================================================================
Received Import Request.
  Time since last request: 4.292501 seconds.
  path: Assets/Tv_furniture/Prefabs/SpawnableObject.prefab
  artifactKey: Guid(3b37494fcd66cb749821d50932701383) Importer(815301076,1909f56bfc062723c751e8b465ee728b)
Start importing Assets/Tv_furniture/Prefabs/SpawnableObject.prefab using Guid(3b37494fcd66cb749821d50932701383) Importer(815301076,1909f56bfc062723c751e8b465ee728b)  -> (artifact id: 'c623d856bc736720822b2b7b4893e66c') in 0.131404 seconds
  Import took 0.135907 seconds .

========================================================================
Received Import Request.
  Time since last request: 8.755604 seconds.
  path: Assets/Tv_furniture/Prefabs/SpawnableObject.prefab
  artifactKey: Guid(3b37494fcd66cb749821d50932701383) Importer(815301076,1909f56bfc062723c751e8b465ee728b)
Start importing Assets/Tv_furniture/Prefabs/SpawnableObject.prefab using Guid(3b37494fcd66cb749821d50932701383) Importer(815301076,1909f56bfc062723c751e8b465ee728b)  -> (artifact id: 'f532cac733c22bd48b4da1ebfbadcb1d') in 0.145613 seconds
  Import took 0.150905 seconds .

========================================================================
Received Import Request.
  Time since last request: 2.324043 seconds.
  path: Assets/Tv_furniture/Prefabs/SpawnableObject.prefab
  artifactKey: Guid(3b37494fcd66cb749821d50932701383) Importer(815301076,1909f56bfc062723c751e8b465ee728b)
Start importing Assets/Tv_furniture/Prefabs/SpawnableObject.prefab using Guid(3b37494fcd66cb749821d50932701383) Importer(815301076,1909f56bfc062723c751e8b465ee728b)  -> (artifact id: '73772ee8cb93f5ba8dbbf37e88144cd5') in 0.130986 seconds
  Import took 0.135580 seconds .

========================================================================
Received Import Request.
  Time since last request: 9.919227 seconds.
  path: Assets/Tv_furniture/Prefabs/SpawnableObject.prefab
  artifactKey: Guid(3b37494fcd66cb749821d50932701383) Importer(815301076,1909f56bfc062723c751e8b465ee728b)
Start importing Assets/Tv_furniture/Prefabs/SpawnableObject.prefab using Guid(3b37494fcd66cb749821d50932701383) Importer(815301076,1909f56bfc062723c751e8b465ee728b)  -> (artifact id: '8dd799cb3829e6e943c5dffed004b27a') in 0.191447 seconds
  Import took 0.198772 seconds .

========================================================================
Received Prepare
Refreshing native plugins compatible for Editor in 1.84 ms, found 0 plugins.
Preloading 0 native plugins for Editor in 0.00 ms.
Unloading 3 Unused Serialized files (Serialized files now loaded: 0)
System memory in use before: 57.2 MB.
System memory in use after: 57.3 MB.

Unloading 3 unused Assets to reduce memory usage. Loaded Objects now: 1953.
Total: 6.573943 ms (FindLiveObjects: 0.277880 ms CreateObjectMapping: 0.083510 ms MarkObjects: 6.136701 ms  DeleteObjects: 0.072934 ms)

========================================================================
Received Import Request.
  Time since last request: 332.128164 seconds.
  path: Assets/SpawnableObject.prefab
  artifactKey: Guid(38dda2ec05d452c4ab91e9dd188474b3) Importer(815301076,1909f56bfc062723c751e8b465ee728b)
Start importing Assets/SpawnableObject.prefab using Guid(38dda2ec05d452c4ab91e9dd188474b3) Importer(815301076,1909f56bfc062723c751e8b465ee728b)  -> (artifact id: '588b3c6a33b9c086711d21d53159954b') in 0.045612 seconds
  Import took 0.054588 seconds .

========================================================================
Received Import Request.
  Time since last request: 0.001949 seconds.
  path: Assets/SpawnableObject.prefab
  artifactKey: Guid(38dda2ec05d452c4ab91e9dd188474b3) Importer(815301076,1909f56bfc062723c751e8b465ee728b)
Start importing Assets/SpawnableObject.prefab using Guid(38dda2ec05d452c4ab91e9dd188474b3) Importer(815301076,1909f56bfc062723c751e8b465ee728b)  -> (artifact id: '588b3c6a33b9c086711d21d53159954b') in 0.024355 seconds
  Import took 0.031168 seconds .

========================================================================
Received Prepare
Refreshing native plugins compatible for Editor in 2.00 ms, found 0 plugins.
Preloading 0 native plugins for Editor in 0.00 ms.
Unloading 3 Unused Serialized files (Serialized files now loaded: 0)
System memory in use before: 57.2 MB.
System memory in use after: 57.3 MB.

Unloading 4 unused Assets to reduce memory usage. Loaded Objects now: 1954.
Total: 13.262757 ms (FindLiveObjects: 0.730438 ms CreateObjectMapping: 0.149516 ms MarkObjects: 12.276319 ms  DeleteObjects: 0.103202 ms)

========================================================================
Received Import Request.
  Time since last request: 472.159171 seconds.
  path: ProjectSettings/TagManager.asset
  artifactKey: Guid(00000000000000003000000000000000) Importer(815301076,1909f56bfc062723c751e8b465ee728b)
Start importing ProjectSettings/TagManager.asset using Guid(00000000000000003000000000000000) Importer(815301076,1909f56bfc062723c751e8b465ee728b)  -> (artifact id: '9d2d18ff31c36a73fc0847f51ec8b154') in 0.022144 seconds
  Import took 0.033742 seconds .

========================================================================
Received Import Request.
  Time since last request: 31.237864 seconds.
  path: Assets/Demo/Smart TV.obj
  artifactKey: Guid(deaf7b093cb83b34eaa1a743c9220940) Importer(815301076,1909f56bfc062723c751e8b465ee728b)
Start importing Assets/Demo/Smart TV.obj using Guid(deaf7b093cb83b34eaa1a743c9220940) Importer(815301076,1909f56bfc062723c751e8b465ee728b)  -> (artifact id: 'cf38c7f2ab933dde0fe12df52ef431ab') in 0.264115 seconds
  Import took 0.271228 seconds .

========================================================================
Received Import Request.
  Time since last request: 173.045211 seconds.
  path: Assets/Demo/SpawnableObject.prefab
  artifactKey: Guid(38dda2ec05d452c4ab91e9dd188474b3) Importer(815301076,1909f56bfc062723c751e8b465ee728b)
Start importing Assets/Demo/SpawnableObject.prefab using Guid(38dda2ec05d452c4ab91e9dd188474b3) Importer(815301076,1909f56bfc062723c751e8b465ee728b)  -> (artifact id: 'ddaabfdfe104a626c8535d9fd5fc0d3c') in 0.049333 seconds
  Import took 0.058458 seconds .

========================================================================
Received Import Request.
  Time since last request: 53.948089 seconds.
  path: Assets/Demo/Cube.prefab
  artifactKey: Guid(d58ee7209e6a98e46ac34f3f4c984dd9) Importer(815301076,1909f56bfc062723c751e8b465ee728b)
Start importing Assets/Demo/Cube.prefab using Guid(d58ee7209e6a98e46ac34f3f4c984dd9) Importer(815301076,1909f56bfc062723c751e8b465ee728b)  -> (artifact id: '7aedf0eeecc4a3409902030ec7b22570') in 0.026654 seconds
  Import took 0.032205 seconds .

========================================================================
Received Import Request.
  Time since last request: 0.012567 seconds.
  path: Assets/Demo/Cube.prefab
  artifactKey: Guid(d58ee7209e6a98e46ac34f3f4c984dd9) Importer(815301076,1909f56bfc062723c751e8b465ee728b)
Start importing Assets/Demo/Cube.prefab using Guid(d58ee7209e6a98e46ac34f3f4c984dd9) Importer(815301076,1909f56bfc062723c751e8b465ee728b)  -> (artifact id: '7aedf0eeecc4a3409902030ec7b22570') in 0.018866 seconds
  Import took 0.024611 seconds .

========================================================================
Received Import Request.
  Time since last request: 14.683859 seconds.
  path: Assets/Demo/Cube.prefab
  artifactKey: Guid(d58ee7209e6a98e46ac34f3f4c984dd9) Importer(815301076,1909f56bfc062723c751e8b465ee728b)
Start importing Assets/Demo/Cube.prefab using Guid(d58ee7209e6a98e46ac34f3f4c984dd9) Importer(815301076,1909f56bfc062723c751e8b465ee728b)  -> (artifact id: 'eca50256a46f8c81ef0a49cf2f080fa8') in 0.024729 seconds
  Import took 0.031176 seconds .

========================================================================
Received Import Request.
  Time since last request: 0.042728 seconds.
  path: Assets/Demo/Cube.prefab
  artifactKey: Guid(d58ee7209e6a98e46ac34f3f4c984dd9) Importer(815301076,1909f56bfc062723c751e8b465ee728b)
Start importing Assets/Demo/Cube.prefab using Guid(d58ee7209e6a98e46ac34f3f4c984dd9) Importer(815301076,1909f56bfc062723c751e8b465ee728b)  -> (artifact id: 'eca50256a46f8c81ef0a49cf2f080fa8') in 0.021082 seconds
  Import took 0.026303 seconds .

========================================================================
Received Import Request.
  Time since last request: 1.318769 seconds.
  path: Assets/Demo/Cube.prefab
  artifactKey: Guid(d58ee7209e6a98e46ac34f3f4c984dd9) Importer(815301076,1909f56bfc062723c751e8b465ee728b)
Start importing Assets/Demo/Cube.prefab using Guid(d58ee7209e6a98e46ac34f3f4c984dd9) Importer(815301076,1909f56bfc062723c751e8b465ee728b)  -> (artifact id: 'da315e3ddf8e8388dfde33efcde91502') in 0.028134 seconds
  Import took 0.034435 seconds .

========================================================================
Received Import Request.
  Time since last request: 0.048794 seconds.
  path: Assets/Demo/Cube.prefab
  artifactKey: Guid(d58ee7209e6a98e46ac34f3f4c984dd9) Importer(815301076,1909f56bfc062723c751e8b465ee728b)
Start importing Assets/Demo/Cube.prefab using Guid(d58ee7209e6a98e46ac34f3f4c984dd9) Importer(815301076,1909f56bfc062723c751e8b465ee728b)  -> (artifact id: 'da315e3ddf8e8388dfde33efcde91502') in 0.022112 seconds
  Import took 0.027644 seconds .

========================================================================
Received Import Request.
  Time since last request: 4.040158 seconds.
  path: Assets/Demo/Cube.prefab
  artifactKey: Guid(d58ee7209e6a98e46ac34f3f4c984dd9) Importer(815301076,1909f56bfc062723c751e8b465ee728b)
Start importing Assets/Demo/Cube.prefab using Guid(d58ee7209e6a98e46ac34f3f4c984dd9) Importer(815301076,1909f56bfc062723c751e8b465ee728b)  -> (artifact id: 'aba890eb2526d7b25a3e1f4af8de8207') in 0.037371 seconds
  Import took 0.048628 seconds .

========================================================================
Received Import Request.
  Time since last request: 33.512054 seconds.
  path: Assets/Demo/SpawnableObject.prefab
  artifactKey: Guid(38dda2ec05d452c4ab91e9dd188474b3) Importer(815301076,1909f56bfc062723c751e8b465ee728b)
Start importing Assets/Demo/SpawnableObject.prefab using Guid(38dda2ec05d452c4ab91e9dd188474b3) Importer(815301076,1909f56bfc062723c751e8b465ee728b)  -> (artifact id: 'cad475c5b58dfd30cabec0649dbe6126') in 0.047562 seconds
  Import took 0.057825 seconds .

========================================================================
Received Import Request.
  Time since last request: 8.429242 seconds.
  path: Assets/Demo/SpawnableObject.prefab
  artifactKey: Guid(38dda2ec05d452c4ab91e9dd188474b3) Importer(815301076,1909f56bfc062723c751e8b465ee728b)
Start importing Assets/Demo/SpawnableObject.prefab using Guid(38dda2ec05d452c4ab91e9dd188474b3) Importer(815301076,1909f56bfc062723c751e8b465ee728b)  -> (artifact id: '6461ba9feed4a35f34e183e6ee5bed88') in 0.037058 seconds
  Import took 0.043661 seconds .

========================================================================
Received Import Request.
  Time since last request: 4.486573 seconds.
  path: Assets/Demo/SpawnableObject.prefab
  artifactKey: Guid(38dda2ec05d452c4ab91e9dd188474b3) Importer(815301076,1909f56bfc062723c751e8b465ee728b)
Start importing Assets/Demo/SpawnableObject.prefab using Guid(38dda2ec05d452c4ab91e9dd188474b3) Importer(815301076,1909f56bfc062723c751e8b465ee728b)  -> (artifact id: '7da08f9109696a70845c17893376af82') in 0.051677 seconds
  Import took 0.060711 seconds .

========================================================================
Received Import Request.
  Time since last request: 6.888241 seconds.
  path: Assets/Demo/SpawnableObject.prefab
  artifactKey: Guid(38dda2ec05d452c4ab91e9dd188474b3) Importer(815301076,1909f56bfc062723c751e8b465ee728b)
Start importing Assets/Demo/SpawnableObject.prefab using Guid(38dda2ec05d452c4ab91e9dd188474b3) Importer(815301076,1909f56bfc062723c751e8b465ee728b)  -> (artifact id: 'ae3de4c8aaedbae7225251c25066ebcc') in 0.043460 seconds
  Import took 0.052358 seconds .

========================================================================
Received Import Request.
  Time since last request: 6.637492 seconds.
  path: Assets/Demo/SpawnableObject.prefab
  artifactKey: Guid(38dda2ec05d452c4ab91e9dd188474b3) Importer(815301076,1909f56bfc062723c751e8b465ee728b)
Start importing Assets/Demo/SpawnableObject.prefab using Guid(38dda2ec05d452c4ab91e9dd188474b3) Importer(815301076,1909f56bfc062723c751e8b465ee728b)  -> (artifact id: '0ac3cc1e331053e72ae86604515dacf5') in 0.047673 seconds
  Import took 0.058036 seconds .

========================================================================
Received Import Request.
  Time since last request: 4.571594 seconds.
  path: Assets/Demo/SpawnableObject.prefab
  artifactKey: Guid(38dda2ec05d452c4ab91e9dd188474b3) Importer(815301076,1909f56bfc062723c751e8b465ee728b)
Start importing Assets/Demo/SpawnableObject.prefab using Guid(38dda2ec05d452c4ab91e9dd188474b3) Importer(815301076,1909f56bfc062723c751e8b465ee728b)  -> (artifact id: '378fc4a41810fe9125754265beca1abe') in 0.042832 seconds
  Import took 0.051745 seconds .

========================================================================
Received Import Request.
  Time since last request: 19.121802 seconds.
  path: Assets/Demo/SpawnableObject.prefab
  artifactKey: Guid(38dda2ec05d452c4ab91e9dd188474b3) Importer(815301076,1909f56bfc062723c751e8b465ee728b)
Start importing Assets/Demo/SpawnableObject.prefab using Guid(38dda2ec05d452c4ab91e9dd188474b3) Importer(815301076,1909f56bfc062723c751e8b465ee728b)  -> (artifact id: '04b9100dbb86a0ad77f05dfa2cd1c05a') in 0.046851 seconds
  Import took 0.057413 seconds .

========================================================================
Received Import Request.
  Time since last request: 15.040240 seconds.
  path: Assets/Demo/SpawnableObject.prefab
  artifactKey: Guid(38dda2ec05d452c4ab91e9dd188474b3) Importer(815301076,1909f56bfc062723c751e8b465ee728b)
Start importing Assets/Demo/SpawnableObject.prefab using Guid(38dda2ec05d452c4ab91e9dd188474b3) Importer(815301076,1909f56bfc062723c751e8b465ee728b)  -> (artifact id: 'a7c8ed86cec9c552c73d19406a8bdd4a') in 0.036600 seconds
  Import took 0.043635 seconds .

========================================================================
Received Import Request.
  Time since last request: 3.462886 seconds.
  path: Assets/Demo/SpawnableObject.prefab
  artifactKey: Guid(38dda2ec05d452c4ab91e9dd188474b3) Importer(815301076,1909f56bfc062723c751e8b465ee728b)
Start importing Assets/Demo/SpawnableObject.prefab using Guid(38dda2ec05d452c4ab91e9dd188474b3) Importer(815301076,1909f56bfc062723c751e8b465ee728b)  -> (artifact id: '21bb5215cbee5cb1ee80e61c09c2cb97') in 0.044938 seconds
  Import took 0.055370 seconds .

========================================================================
Received Import Request.
  Time since last request: 9.931153 seconds.
  path: Assets/Demo/SpawnableObject.prefab
  artifactKey: Guid(38dda2ec05d452c4ab91e9dd188474b3) Importer(815301076,1909f56bfc062723c751e8b465ee728b)
Start importing Assets/Demo/SpawnableObject.prefab using Guid(38dda2ec05d452c4ab91e9dd188474b3) Importer(815301076,1909f56bfc062723c751e8b465ee728b)  -> (artifact id: 'fe0cdd2306380f4aa66a1917c64151e9') in 0.045185 seconds
  Import took 0.055022 seconds .

========================================================================
Received Import Request.
  Time since last request: 8.628735 seconds.
  path: Assets/Demo/SpawnableObject.prefab
  artifactKey: Guid(38dda2ec05d452c4ab91e9dd188474b3) Importer(815301076,1909f56bfc062723c751e8b465ee728b)
Start importing Assets/Demo/SpawnableObject.prefab using Guid(38dda2ec05d452c4ab91e9dd188474b3) Importer(815301076,1909f56bfc062723c751e8b465ee728b)  -> (artifact id: '30a377b1fc24a34d88a44fa5c22e89ab') in 0.046403 seconds
  Import took 0.055452 seconds .

========================================================================
Received Import Request.
  Time since last request: 3.936582 seconds.
  path: Assets/Demo/SpawnableObject.prefab
  artifactKey: Guid(38dda2ec05d452c4ab91e9dd188474b3) Importer(815301076,1909f56bfc062723c751e8b465ee728b)
Start importing Assets/Demo/SpawnableObject.prefab using Guid(38dda2ec05d452c4ab91e9dd188474b3) Importer(815301076,1909f56bfc062723c751e8b465ee728b)  -> (artifact id: '6f3db4be0003e30d58fc848cde24d17e') in 0.027706 seconds
  Import took 0.033614 seconds .

========================================================================
Received Import Request.
  Time since last request: 26.882200 seconds.
  path: Assets/Demo/SpawnableObject.prefab
  artifactKey: Guid(38dda2ec05d452c4ab91e9dd188474b3) Importer(815301076,1909f56bfc062723c751e8b465ee728b)
Start importing Assets/Demo/SpawnableObject.prefab using Guid(38dda2ec05d452c4ab91e9dd188474b3) Importer(815301076,1909f56bfc062723c751e8b465ee728b)  -> (artifact id: 'c1d98eec314e596d607f31f13891a2c4') in 0.051089 seconds
  Import took 0.062009 seconds .

========================================================================
Received Import Request.
  Time since last request: 2.806622 seconds.
  path: Assets/Demo/SpawnableObject.prefab
  artifactKey: Guid(38dda2ec05d452c4ab91e9dd188474b3) Importer(815301076,1909f56bfc062723c751e8b465ee728b)
Start importing Assets/Demo/SpawnableObject.prefab using Guid(38dda2ec05d452c4ab91e9dd188474b3) Importer(815301076,1909f56bfc062723c751e8b465ee728b)  -> (artifact id: '68a9e80c7a8ca6d30ece04fe0eb2dd42') in 0.045136 seconds
  Import took 0.054609 seconds .

========================================================================
Received Import Request.
  Time since last request: 5.812343 seconds.
  path: Assets/Demo/SpawnableObject.prefab
  artifactKey: Guid(38dda2ec05d452c4ab91e9dd188474b3) Importer(815301076,1909f56bfc062723c751e8b465ee728b)
Start importing Assets/Demo/SpawnableObject.prefab using Guid(38dda2ec05d452c4ab91e9dd188474b3) Importer(815301076,1909f56bfc062723c751e8b465ee728b)  -> (artifact id: '538d01d9390b79ca8cfe8712c5652cff') in 0.048453 seconds
  Import took 0.059070 seconds .

========================================================================
Received Import Request.
  Time since last request: 4.885965 seconds.
  path: Assets/Demo/SpawnableObject.prefab
  artifactKey: Guid(38dda2ec05d452c4ab91e9dd188474b3) Importer(815301076,1909f56bfc062723c751e8b465ee728b)
Start importing Assets/Demo/SpawnableObject.prefab using Guid(38dda2ec05d452c4ab91e9dd188474b3) Importer(815301076,1909f56bfc062723c751e8b465ee728b)  -> (artifact id: '32cf7d0f28f379eaddb4875dc4888452') in 0.024236 seconds
  Import took 0.030759 seconds .

========================================================================
Received Import Request.
  Time since last request: 2.605955 seconds.
  path: Assets/Demo/SpawnableObject.prefab
  artifactKey: Guid(38dda2ec05d452c4ab91e9dd188474b3) Importer(815301076,1909f56bfc062723c751e8b465ee728b)
Start importing Assets/Demo/SpawnableObject.prefab using Guid(38dda2ec05d452c4ab91e9dd188474b3) Importer(815301076,1909f56bfc062723c751e8b465ee728b)  -> (artifact id: '9bff760ca77486b9be1adfa733435603') in 0.034412 seconds
  Import took 0.040898 seconds .

========================================================================
Received Import Request.
  Time since last request: 4.698849 seconds.
  path: Assets/Demo/SpawnableObject.prefab
  artifactKey: Guid(38dda2ec05d452c4ab91e9dd188474b3) Importer(815301076,1909f56bfc062723c751e8b465ee728b)
Start importing Assets/Demo/SpawnableObject.prefab using Guid(38dda2ec05d452c4ab91e9dd188474b3) Importer(815301076,1909f56bfc062723c751e8b465ee728b)  -> (artifact id: 'ed52c61c41754493b7f20dd95aa323a7') in 0.045588 seconds
  Import took 0.052284 seconds .

========================================================================
Received Import Request.
  Time since last request: 3.216407 seconds.
  path: Assets/Demo/SpawnableObject.prefab
  artifactKey: Guid(38dda2ec05d452c4ab91e9dd188474b3) Importer(815301076,1909f56bfc062723c751e8b465ee728b)
Start importing Assets/Demo/SpawnableObject.prefab using Guid(38dda2ec05d452c4ab91e9dd188474b3) Importer(815301076,1909f56bfc062723c751e8b465ee728b)  -> (artifact id: '315ffd684e274b494a46ac617bad3282') in 0.040968 seconds
  Import took 0.049350 seconds .

========================================================================
Received Import Request.
  Time since last request: 2.412211 seconds.
  path: Assets/Demo/SpawnableObject.prefab
  artifactKey: Guid(38dda2ec05d452c4ab91e9dd188474b3) Importer(815301076,1909f56bfc062723c751e8b465ee728b)
Start importing Assets/Demo/SpawnableObject.prefab using Guid(38dda2ec05d452c4ab91e9dd188474b3) Importer(815301076,1909f56bfc062723c751e8b465ee728b)  -> (artifact id: '9316c3ce6f841fbcf66bb69384577013') in 0.023310 seconds
  Import took 0.027849 seconds .

========================================================================
Received Import Request.
  Time since last request: 4.107952 seconds.
  path: Assets/Demo/SpawnableObject.prefab
  artifactKey: Guid(38dda2ec05d452c4ab91e9dd188474b3) Importer(815301076,1909f56bfc062723c751e8b465ee728b)
Start importing Assets/Demo/SpawnableObject.prefab using Guid(38dda2ec05d452c4ab91e9dd188474b3) Importer(815301076,1909f56bfc062723c751e8b465ee728b)  -> (artifact id: '18edfd87b1cdc05f93f489b2172a686d') in 0.043705 seconds
  Import took 0.052519 seconds .

========================================================================
Received Prepare
Refreshing native plugins compatible for Editor in 3.91 ms, found 0 plugins.
Preloading 0 native plugins for Editor in 0.00 ms.
Unloading 3 Unused Serialized files (Serialized files now loaded: 0)
System memory in use before: 57.1 MB.
System memory in use after: 57.2 MB.

Unloading 5 unused Assets to reduce memory usage. Loaded Objects now: 1954.
Total: 7.052392 ms (FindLiveObjects: 0.562324 ms CreateObjectMapping: 0.371965 ms MarkObjects: 6.027664 ms  DeleteObjects: 0.087521 ms)

========================================================================
Received Import Request.
  Time since last request: 1011.950351 seconds.
  path: Assets/Robot Kyle/Model
  artifactKey: Guid(8c02ad1338d74394e9b28e4011332992) Importer(815301076,1909f56bfc062723c751e8b465ee728b)
Start importing Assets/Robot Kyle/Model using Guid(8c02ad1338d74394e9b28e4011332992) Importer(815301076,1909f56bfc062723c751e8b465ee728b)  -> (artifact id: 'af0adc74789db93b99c03813a702c950') in 0.010174 seconds
  Import took 0.016169 seconds .

========================================================================
Received Import Request.
  Time since last request: 0.004636 seconds.
  path: Assets/Robot Kyle/Model
  artifactKey: Guid(8c02ad1338d74394e9b28e4011332992) Importer(815301076,1909f56bfc062723c751e8b465ee728b)
Start importing Assets/Robot Kyle/Model using Guid(8c02ad1338d74394e9b28e4011332992) Importer(815301076,1909f56bfc062723c751e8b465ee728b)  -> (artifact id: 'af0adc74789db93b99c03813a702c950') in 0.017301 seconds
  Import took 0.023412 seconds .

========================================================================
Received Import Request.
  Time since last request: 0.088438 seconds.
  path: Assets/Robot Kyle/Model/Robot Kyle.fbx
  artifactKey: Guid(320b1c2af77554f99a1658df4a6d3d5c) Importer(815301076,1909f56bfc062723c751e8b465ee728b)
Start importing Assets/Robot Kyle/Model/Robot Kyle.fbx using Guid(320b1c2af77554f99a1658df4a6d3d5c) Importer(815301076,1909f56bfc062723c751e8b465ee728b)  -> (artifact id: '210a3010a7fc1d49d0e121f5b76cf971') in 0.681130 seconds
  Import took 0.689295 seconds .

========================================================================
Received Import Request.
  Time since last request: 102.822926 seconds.
  path: Assets/Robot Kyle/Model/SpawnableObject.prefab
  artifactKey: Guid(81faf133ac9f8c741b21e366270ace52) Importer(815301076,1909f56bfc062723c751e8b465ee728b)
Start importing Assets/Robot Kyle/Model/SpawnableObject.prefab using Guid(81faf133ac9f8c741b21e366270ace52) Importer(815301076,1909f56bfc062723c751e8b465ee728b)  -> (artifact id: '3d73a1368c472a8dc397a0bc35c14d81') in 0.156275 seconds
  Import took 0.166897 seconds .

========================================================================
Received Prepare
Refreshing native plugins compatible for Editor in 1.71 ms, found 0 plugins.
Preloading 0 native plugins for Editor in 0.00 ms.
Unloading 3 Unused Serialized files (Serialized files now loaded: 0)
System memory in use before: 57.8 MB.
System memory in use after: 57.9 MB.

Unloading 3 unused Assets to reduce memory usage. Loaded Objects now: 1956.
Total: 5.555414 ms (FindLiveObjects: 0.524034 ms CreateObjectMapping: 0.169937 ms MarkObjects: 4.765534 ms  DeleteObjects: 0.091897 ms)

========================================================================
Received Import Request.
  Time since last request: 3995.410073 seconds.
  path: Assets/Monqo Flower Ceramic Vases/Demo
  artifactKey: Guid(08a0f9b5f5c0eca44acfcb77bc3c1c22) Importer(815301076,1909f56bfc062723c751e8b465ee728b)
Start importing Assets/Monqo Flower Ceramic Vases/Demo using Guid(08a0f9b5f5c0eca44acfcb77bc3c1c22) Importer(815301076,1909f56bfc062723c751e8b465ee728b)  -> (artifact id: '5fb4f51dd77174a3e708076125ebaa2c') in 0.008212 seconds
  Import took 0.034026 seconds .

========================================================================
Received Import Request.
  Time since last request: 0.822814 seconds.
  path: Assets/Monqo Flower Ceramic Vases/_Prefabs
  artifactKey: Guid(a003b9b584eaea94d88ff4db4be80736) Importer(815301076,1909f56bfc062723c751e8b465ee728b)
Start importing Assets/Monqo Flower Ceramic Vases/_Prefabs using Guid(a003b9b584eaea94d88ff4db4be80736) Importer(815301076,1909f56bfc062723c751e8b465ee728b)  -> (artifact id: '75d1f8e253fd6187c5fbbdafe3a86ae1') in 0.008597 seconds
  Import took 0.013535 seconds .

========================================================================
Received Import Request.
  Time since last request: 1.457269 seconds.
  path: Assets/Monqo Flower Ceramic Vases/_Prefabs/VaseA.prefab
  artifactKey: Guid(2ad000dab9a13804d93c8fcee761f739) Importer(815301076,1909f56bfc062723c751e8b465ee728b)
Start importing Assets/Monqo Flower Ceramic Vases/_Prefabs/VaseA.prefab using Guid(2ad000dab9a13804d93c8fcee761f739) Importer(815301076,1909f56bfc062723c751e8b465ee728b)  -> (artifact id: '82a3f43f5ed1ba61e096ec1b900b3a31') in 0.719742 seconds
  Import took 0.723383 seconds .

========================================================================
Received Import Request.
  Time since last request: 0.000439 seconds.
  path: Assets/Monqo Flower Ceramic Vases/_Prefabs/VaseB.prefab
  artifactKey: Guid(e552b2f7634ec0045a53e296378ed157) Importer(815301076,1909f56bfc062723c751e8b465ee728b)
Start importing Assets/Monqo Flower Ceramic Vases/_Prefabs/VaseB.prefab using Guid(e552b2f7634ec0045a53e296378ed157) Importer(815301076,1909f56bfc062723c751e8b465ee728b)  -> (artifact id: '1b5040f0d1afcc5963e871947c2de07c') in 0.286828 seconds
  Import took 0.291075 seconds .

========================================================================
Received Import Request.
  Time since last request: 0.000427 seconds.
  path: Assets/Monqo Flower Ceramic Vases/_Prefabs/VaseC.prefab
  artifactKey: Guid(df039b09bb35a5a4db6edf76716483a2) Importer(815301076,1909f56bfc062723c751e8b465ee728b)
Start importing Assets/Monqo Flower Ceramic Vases/_Prefabs/VaseC.prefab using Guid(df039b09bb35a5a4db6edf76716483a2) Importer(815301076,1909f56bfc062723c751e8b465ee728b)  -> (artifact id: '2e46fddcc9eea97dae924b30f74a0b85') in 0.294693 seconds
  Import took 0.298165 seconds .

========================================================================
Received Import Request.
  Time since last request: 14.164309 seconds.
  path: Assets/Monqo Flower Ceramic Vases/_Prefabs/VaseA.prefab
  artifactKey: Guid(2ad000dab9a13804d93c8fcee761f739) Importer(815301076,1909f56bfc062723c751e8b465ee728b)
Start importing Assets/Monqo Flower Ceramic Vases/_Prefabs/VaseA.prefab using Guid(2ad000dab9a13804d93c8fcee761f739) Importer(815301076,1909f56bfc062723c751e8b465ee728b)  -> (artifact id: 'dd4ef3de978a54d55c957de8285ca8dc') in 0.264233 seconds
  Import took 0.267698 seconds .

========================================================================
Received Import Request.
  Time since last request: 14.270985 seconds.
  path: Assets/Monqo Flower Ceramic Vases/_Prefabs/SpawnableObject.prefab
  artifactKey: Guid(2ad000dab9a13804d93c8fcee761f739) Importer(815301076,1909f56bfc062723c751e8b465ee728b)
Start importing Assets/Monqo Flower Ceramic Vases/_Prefabs/SpawnableObject.prefab using Guid(2ad000dab9a13804d93c8fcee761f739) Importer(815301076,1909f56bfc062723c751e8b465ee728b)  -> (artifact id: '4a4a7a088854f1eabbae6528a7e27447') in 0.271603 seconds
  Import took 0.275091 seconds .

========================================================================
Received Prepare
Refreshing native plugins compatible for Editor in 2.07 ms, found 0 plugins.
Preloading 0 native plugins for Editor in 0.00 ms.
Unloading 3 Unused Serialized files (Serialized files now loaded: 0)
System memory in use before: 57.9 MB.
System memory in use after: 58.0 MB.

Unloading 3 unused Assets to reduce memory usage. Loaded Objects now: 1956.
Total: 21.319821 ms (FindLiveObjects: 0.275692 ms CreateObjectMapping: 0.061994 ms MarkObjects: 20.851947 ms  DeleteObjects: 0.128365 ms)

AssetImportWorkerClient::OnTransportError - code=2 error=End of file
